#
# A fatal error has been detected by the Java Runtime Environment:
#
#  EXCEPTION_ACCESS_VIOLATION (0xc0000005) at pc=0x00007ffe5367df23, pid=5132, tid=2860
#
# JRE version: Java(TM) SE Runtime Environment (11.0.2+9) (build 11.0.2+9-LTS)
# Java VM: Java HotSpot(TM) 64-Bit Server VM (11.0.2+9-LTS, mixed mode, tiered, compressed oops, g1 gc, windows-amd64)
# Problematic frame:
# C  [ntdll.dll+0x4df23]
#
# No core dump will be written. Minidumps are not enabled by default on client versions of Windows
#
# If you would like to submit a bug report, please visit:
#   http://bugreport.java.com/bugreport/crash.jsp
# The crash happened outside the Java Virtual Machine in native code.
# See problematic frame for where to report the bug.
#

---------------  S U M M A R Y ------------

Command Line: -Dfile.encoding=Cp1252 com.dgreat.rfid.MainFrame

Host: Intel(R) Core(TM) i5-4210U CPU @ 1.70GHz, 4 cores, 7G,  Windows 10 , 64 bit Build 17763 (10.0.17763.379)
Time: Fri Apr 12 00:32:31 2019 Malay Peninsula Standard Time elapsed time: 452 seconds (0d 0h 7m 32s)

---------------  T H R E A D  ---------------

Current thread (0x0000019840bac000):  JavaThread "Thread-4" [_thread_in_native, id=2860, stack(0x0000006742100000,0x0000006742200000)]

Stack: [0x0000006742100000,0x0000006742200000],  sp=0x00000067421f9b50,  free space=998k
Native frames: (J=compiled Java code, j=interpreted, Vv=VM code, C=native code)
C  [ntdll.dll+0x4df23]
C  [ntdll.dll+0x9bbc]
C  [ntdll.dll+0x9ad0]
C  [UHFReader288MP.dll+0x14e65]

Java frames: (J=compiled Java code, j=interpreted, Vv=VM code)
J 1827  com.rfid.uhf.Device.Inventory_G2([BBBB[BB[BBBBBBBBB[B[B[I[II)I (0 bytes) @ 0x00000198318c0d2d [0x00000198318c0bc0+0x000000000000016d]
J 1865 c2 com.dgreat.rfid.RFID.readInventory()Ljava/lang/String; (331 bytes) @ 0x00000198318c87f4 [0x00000198318c84a0+0x0000000000000354]
j  com.dgreat.rfid.MainFrame$6.run()V+87
j  java.lang.Thread.run()V+11 java.base@11.0.2
v  ~StubRoutines::call_stub

siginfo: EXCEPTION_ACCESS_VIOLATION (0xc0000005), writing address 0x0000000000000024


Register to memory mapping:

RIP=0x00007ffe5367df23 ntdll.dll
RAX=0xffffffffffffffff is an unknown value
RBX=0x00000198445e03b8 points into unknown readable memory: dd dd dd dd dd dd dd dd
RCX=0x0 is NULL
RDX=0xffffffffffffffff is an unknown value
RSP=0x00000067421f9b50 is pointing into the stack for thread: 0x0000019840bac000
RBP=0x0000000000000001 is an unknown value
RSI=0x0 is NULL
RDI=0x0 is NULL
R8 =
[error occurred during error reporting (printing register info), id 0xc0000005, EXCEPTION_ACCESS_VIOLATION (0xc0000005) at pc=0x00007ffe197a2eb6]

Registers:
RAX=0xffffffffffffffff, RBX=0x00000198445e03b8, RCX=0x0000000000000000, RDX=0xffffffffffffffff
RSP=0x00000067421f9b50, RBP=0x0000000000000001, RSI=0x0000000000000000, RDI=0x0000000000000000
R8 =0x00000000fffffffe, R9 =0x0000000000000000, R10=0x0000000000000001, R11=0x00000067421f9b30
R12=0x0000000000000000, R13=0xffffffffffffffff, R14=0x0000006740534000, R15=0x0000000000000000
RIP=0x00007ffe5367df23, EFLAGS=0x0000000000010213

Top of Stack: (sp=0x00000067421f9b50)
0x00000067421f9b50:   ffffffffffffffff 00000198445e03b8
0x00000067421f9b60:   0000000000000000 0000000000000007
0x00000067421f9b70:   0000019800000000 0000000000000000
0x00000067421f9b80:   0000019842771390 0000000000000001
0x00000067421f9b90:   00007ffe00ad0240 00000067421f9d81
0x00000067421f9ba0:   00000000000007cf 0000000000000001
0x00000067421f9bb0:   0000000000000001 00007ffe53639bbc
0x00000067421f9bc0:   00000067421f9c00 00007ffefffffffe
0x00000067421f9bd0:   0000006740534000 00000198445e03b8
0x00000067421f9be0:   00000198427711b0 00007ffe53639ad0
0x00000067421f9bf0:   0000000000000002 0000000000000004
0x00000067421f9c00:   0000000000000000 0000000000000001
0x00000067421f9c10:   0000019840bac000 00007ffe00a84e65
0x00000067421f9c20:   0000000000000004 0000000000000001
0x00000067421f9c30:   0000000000000000 00000198427711d0
0x00000067421f9c40:   0000019842771390 00007ffe1988df05 

Instructions: (pc=0x00007ffe5367df23)
0x00007ffe5367df03:   45 f7 48 39 7b 18 0f 84 bc 00 00 00 48 8b 0b 49
0x00007ffe5367df13:   3b cd 0f 84 bd 00 00 00 44 8b e7 49 3b cd 74 03
0x00007ffe5367df23:   ff 41 24 4c 8b 6b 18 48 8d 2d c7 15 11 00 45 33
0x00007ffe5367df33:   f6 e8 47 4b fc ff 85 c0 0f 85 87 df 06 00 b9 82 


Stack slot to memory mapping:
stack at sp + 0 slots: 0xffffffffffffffff is an unknown value
stack at sp + 1 slots: 0x00000198445e03b8 points into unknown readable memory: dd dd dd dd dd dd dd dd
stack at sp + 2 slots: 0x0 is NULL
stack at sp + 3 slots: 0x0000000000000007 is an unknown value
stack at sp + 4 slots: 0x0000019800000000 is an unknown value
stack at sp + 5 slots: 0x0 is NULL
stack at sp + 6 slots: 0x0000019842771390 points into unknown readable memory: 00 00 00 00 00 00 00 00
stack at sp + 7 slots: 0x0000000000000001 is an unknown value


---------------  P R O C E S S  ---------------

Threads class SMR info:
_java_thread_list=0x0000019840c62070, length=16, elements={
0x000001983fdb9000, 0x000001983fde2800, 0x000001983fdf4800, 0x000001983fdf8800,
0x000001983fdfb000, 0x00000198407a6800, 0x00000198407ac800, 0x00000198408b3800,
0x00000198408bc800, 0x0000019840d49000, 0x0000019840d4a000, 0x0000019840ba9800,
0x0000019840d47800, 0x0000019821a41800, 0x0000019840dda800, 0x0000019840bac000
}

Java Threads: ( => current thread )
  0x000001983fdb9000 JavaThread "Reference Handler" daemon [_thread_blocked, id=9240, stack(0x0000006741000000,0x0000006741100000)]
  0x000001983fde2800 JavaThread "Finalizer" daemon [_thread_blocked, id=10092, stack(0x0000006741100000,0x0000006741200000)]
  0x000001983fdf4800 JavaThread "Signal Dispatcher" daemon [_thread_blocked, id=7432, stack(0x0000006741200000,0x0000006741300000)]
  0x000001983fdf8800 JavaThread "Attach Listener" daemon [_thread_blocked, id=10884, stack(0x0000006741300000,0x0000006741400000)]
  0x000001983fdfb000 JavaThread "C2 CompilerThread0" daemon [_thread_blocked, id=1524, stack(0x0000006741400000,0x0000006741500000)]
  0x00000198407a6800 JavaThread "C1 CompilerThread0" daemon [_thread_blocked, id=10144, stack(0x0000006741500000,0x0000006741600000)]
  0x00000198407ac800 JavaThread "Sweeper thread" daemon [_thread_blocked, id=8600, stack(0x0000006741600000,0x0000006741700000)]
  0x00000198408b3800 JavaThread "Service Thread" daemon [_thread_blocked, id=1564, stack(0x0000006741700000,0x0000006741800000)]
  0x00000198408bc800 JavaThread "Common-Cleaner" daemon [_thread_blocked, id=4376, stack(0x0000006741900000,0x0000006741a00000)]
  0x0000019840d49000 JavaThread "Java2D Disposer" daemon [_thread_blocked, id=1148, stack(0x0000006741a00000,0x0000006741b00000)]
  0x0000019840d4a000 JavaThread "AWT-Shutdown" [_thread_blocked, id=1976, stack(0x0000006741b00000,0x0000006741c00000)]
  0x0000019840ba9800 JavaThread "AWT-Windows" daemon [_thread_in_native, id=10624, stack(0x0000006741c00000,0x0000006741d00000)]
  0x0000019840d47800 JavaThread "AWT-EventQueue-0" [_thread_blocked, id=1940, stack(0x0000006741d00000,0x0000006741e00000)]
  0x0000019821a41800 JavaThread "DestroyJavaVM" [_thread_blocked, id=9736, stack(0x0000006740900000,0x0000006740a00000)]
  0x0000019840dda800 JavaThread "TimerQueue" daemon [_thread_blocked, id=4396, stack(0x0000006741f00000,0x0000006742000000)]
=>0x0000019840bac000 JavaThread "Thread-4" [_thread_in_native, id=2860, stack(0x0000006742100000,0x0000006742200000)]

Other Threads:
  0x000001983fdb4000 VMThread "VM Thread" [stack: 0x0000006740f00000,0x0000006741000000] [id=5252]
  0x00000198408bb000 WatcherThread [stack: 0x0000006741800000,0x0000006741900000] [id=8840]
  0x0000019821a58000 GCTaskThread "GC Thread#0" [stack: 0x0000006740a00000,0x0000006740b00000] [id=8004]
  0x0000019840e2e800 GCTaskThread "GC Thread#1" [stack: 0x0000006740600000,0x0000006740700000] [id=9144]
  0x0000019840e2f800 GCTaskThread "GC Thread#2" [stack: 0x0000006740700000,0x0000006740800000] [id=7472]
  0x0000019840e30000 GCTaskThread "GC Thread#3" [stack: 0x0000006740800000,0x0000006740900000] [id=5796]
  0x0000019821a87800 ConcurrentGCThread "G1 Main Marker" [stack: 0x0000006740b00000,0x0000006740c00000] [id=10652]
  0x0000019821a8b800 ConcurrentGCThread "G1 Conc#0" [stack: 0x0000006740c00000,0x0000006740d00000] [id=11140]
  0x0000019821b1a800 ConcurrentGCThread "G1 Refine#0" [stack: 0x0000006740d00000,0x0000006740e00000] [id=7704]
  0x0000019840b92000 ConcurrentGCThread "G1 Refine#1" [stack: 0x0000006741e00000,0x0000006741f00000] [id=3608]
  0x0000019821b1c800 ConcurrentGCThread "G1 Young RemSet Sampling" [stack: 0x0000006740e00000,0x0000006740f00000] [id=5164]

Threads with active compile tasks:

VM state:not at safepoint (normal execution)

VM Mutex/Monitor currently owned by a thread: None

Heap address: 0x0000000081000000, size: 2032 MB, Compressed Oops mode: 32-bit
Narrow klass base: 0x0000000000000000, Narrow klass shift: 3
Compressed class space size: 1073741824 Address: 0x0000000100000000

Heap:
 garbage-first heap   total 131072K, used 29847K [0x0000000081000000, 0x0000000100000000)
  region size 1024K, 28 young (28672K), 1 survivors (1024K)
 Metaspace       used 16979K, capacity 17344K, committed 17536K, reserved 1064960K
  class space    used 1740K, capacity 1914K, committed 1920K, reserved 1048576K
Heap Regions: E=young(eden), S=young(survivor), O=old, HS=humongous(starts), HC=humongous(continues), CS=collection set, F=free, A=archive, TAMS=top-at-mark-start (previous, next)
|   0|0x0000000081000000, 0x0000000081100000, 0x0000000081100000|100%|HS|  |TAMS 0x0000000081000000, 0x0000000081000000| Complete 
|   1|0x0000000081100000, 0x0000000081200000, 0x0000000081200000|100%| O|  |TAMS 0x0000000081100000, 0x0000000081100000| Untracked 
|   2|0x0000000081200000, 0x0000000081300000, 0x0000000081300000|100%| O|  |TAMS 0x0000000081200000, 0x0000000081200000| Untracked 
|   3|0x0000000081300000, 0x0000000081400000, 0x0000000081400000|100%| O|  |TAMS 0x0000000081300000, 0x0000000081300000| Untracked 
|   4|0x0000000081400000, 0x0000000081422c00, 0x0000000081500000| 13%| O|  |TAMS 0x0000000081400000, 0x0000000081400000| Untracked 
|   5|0x0000000081500000, 0x0000000081500000, 0x0000000081600000|  0%| F|  |TAMS 0x0000000081500000, 0x0000000081500000| Untracked 
|   6|0x0000000081600000, 0x0000000081600000, 0x0000000081700000|  0%| F|  |TAMS 0x0000000081600000, 0x0000000081600000| Untracked 
|   7|0x0000000081700000, 0x0000000081700000, 0x0000000081800000|  0%| F|  |TAMS 0x0000000081700000, 0x0000000081700000| Untracked 
|   8|0x0000000081800000, 0x0000000081800000, 0x0000000081900000|  0%| F|  |TAMS 0x0000000081800000, 0x0000000081800000| Untracked 
|   9|0x0000000081900000, 0x0000000081900000, 0x0000000081a00000|  0%| F|  |TAMS 0x0000000081900000, 0x0000000081900000| Untracked 
|  10|0x0000000081a00000, 0x0000000081a00000, 0x0000000081b00000|  0%| F|  |TAMS 0x0000000081a00000, 0x0000000081a00000| Untracked 
|  11|0x0000000081b00000, 0x0000000081b00000, 0x0000000081c00000|  0%| F|  |TAMS 0x0000000081b00000, 0x0000000081b00000| Untracked 
|  12|0x0000000081c00000, 0x0000000081c00000, 0x0000000081d00000|  0%| F|  |TAMS 0x0000000081c00000, 0x0000000081c00000| Untracked 
|  13|0x0000000081d00000, 0x0000000081d00000, 0x0000000081e00000|  0%| F|  |TAMS 0x0000000081d00000, 0x0000000081d00000| Untracked 
|  14|0x0000000081e00000, 0x0000000081e00000, 0x0000000081f00000|  0%| F|  |TAMS 0x0000000081e00000, 0x0000000081e00000| Untracked 
|  15|0x0000000081f00000, 0x0000000081f00000, 0x0000000082000000|  0%| F|  |TAMS 0x0000000081f00000, 0x0000000081f00000| Untracked 
|  16|0x0000000082000000, 0x0000000082000000, 0x0000000082100000|  0%| F|  |TAMS 0x0000000082000000, 0x0000000082000000| Untracked 
|  17|0x0000000082100000, 0x0000000082100000, 0x0000000082200000|  0%| F|  |TAMS 0x0000000082100000, 0x0000000082100000| Untracked 
|  18|0x0000000082200000, 0x0000000082200000, 0x0000000082300000|  0%| F|  |TAMS 0x0000000082200000, 0x0000000082200000| Untracked 
|  19|0x0000000082300000, 0x0000000082300000, 0x0000000082400000|  0%| F|  |TAMS 0x0000000082300000, 0x0000000082300000| Untracked 
|  20|0x0000000082400000, 0x0000000082400000, 0x0000000082500000|  0%| F|  |TAMS 0x0000000082400000, 0x0000000082400000| Untracked 
|  21|0x0000000082500000, 0x0000000082500000, 0x0000000082600000|  0%| F|  |TAMS 0x0000000082500000, 0x0000000082500000| Untracked 
|  22|0x0000000082600000, 0x0000000082600000, 0x0000000082700000|  0%| F|  |TAMS 0x0000000082600000, 0x0000000082600000| Untracked 
|  23|0x0000000082700000, 0x0000000082700000, 0x0000000082800000|  0%| F|  |TAMS 0x0000000082700000, 0x0000000082700000| Untracked 
|  24|0x0000000082800000, 0x0000000082800000, 0x0000000082900000|  0%| F|  |TAMS 0x0000000082800000, 0x0000000082800000| Untracked 
|  25|0x0000000082900000, 0x0000000082900000, 0x0000000082a00000|  0%| F|  |TAMS 0x0000000082900000, 0x0000000082900000| Untracked 
|  26|0x0000000082a00000, 0x0000000082a00000, 0x0000000082b00000|  0%| F|  |TAMS 0x0000000082a00000, 0x0000000082a00000| Untracked 
|  27|0x0000000082b00000, 0x0000000082b00000, 0x0000000082c00000|  0%| F|  |TAMS 0x0000000082b00000, 0x0000000082b00000| Untracked 
|  28|0x0000000082c00000, 0x0000000082c00000, 0x0000000082d00000|  0%| F|  |TAMS 0x0000000082c00000, 0x0000000082c00000| Untracked 
|  29|0x0000000082d00000, 0x0000000082d00000, 0x0000000082e00000|  0%| F|  |TAMS 0x0000000082d00000, 0x0000000082d00000| Untracked 
|  30|0x0000000082e00000, 0x0000000082e00000, 0x0000000082f00000|  0%| F|  |TAMS 0x0000000082e00000, 0x0000000082e00000| Untracked 
|  31|0x0000000082f00000, 0x0000000082f00000, 0x0000000083000000|  0%| F|  |TAMS 0x0000000082f00000, 0x0000000082f00000| Untracked 
|  32|0x0000000083000000, 0x0000000083000000, 0x0000000083100000|  0%| F|  |TAMS 0x0000000083000000, 0x0000000083000000| Untracked 
|  33|0x0000000083100000, 0x0000000083100000, 0x0000000083200000|  0%| F|  |TAMS 0x0000000083100000, 0x0000000083100000| Untracked 
|  34|0x0000000083200000, 0x0000000083200000, 0x0000000083300000|  0%| F|  |TAMS 0x0000000083200000, 0x0000000083200000| Untracked 
|  35|0x0000000083300000, 0x0000000083300000, 0x0000000083400000|  0%| F|  |TAMS 0x0000000083300000, 0x0000000083300000| Untracked 
|  36|0x0000000083400000, 0x0000000083400000, 0x0000000083500000|  0%| F|  |TAMS 0x0000000083400000, 0x0000000083400000| Untracked 
|  37|0x0000000083500000, 0x0000000083500000, 0x0000000083600000|  0%| F|  |TAMS 0x0000000083500000, 0x0000000083500000| Untracked 
|  38|0x0000000083600000, 0x0000000083600000, 0x0000000083700000|  0%| F|  |TAMS 0x0000000083600000, 0x0000000083600000| Untracked 
|  39|0x0000000083700000, 0x0000000083700000, 0x0000000083800000|  0%| F|  |TAMS 0x0000000083700000, 0x0000000083700000| Untracked 
|  40|0x0000000083800000, 0x0000000083800000, 0x0000000083900000|  0%| F|  |TAMS 0x0000000083800000, 0x0000000083800000| Untracked 
|  41|0x0000000083900000, 0x0000000083900000, 0x0000000083a00000|  0%| F|  |TAMS 0x0000000083900000, 0x0000000083900000| Untracked 
|  42|0x0000000083a00000, 0x0000000083a00000, 0x0000000083b00000|  0%| F|  |TAMS 0x0000000083a00000, 0x0000000083a00000| Untracked 
|  43|0x0000000083b00000, 0x0000000083b00000, 0x0000000083c00000|  0%| F|  |TAMS 0x0000000083b00000, 0x0000000083b00000| Untracked 
|  44|0x0000000083c00000, 0x0000000083c00000, 0x0000000083d00000|  0%| F|  |TAMS 0x0000000083c00000, 0x0000000083c00000| Untracked 
|  45|0x0000000083d00000, 0x0000000083d00000, 0x0000000083e00000|  0%| F|  |TAMS 0x0000000083d00000, 0x0000000083d00000| Untracked 
|  46|0x0000000083e00000, 0x0000000083e00000, 0x0000000083f00000|  0%| F|  |TAMS 0x0000000083e00000, 0x0000000083e00000| Untracked 
|  47|0x0000000083f00000, 0x0000000083f00000, 0x0000000084000000|  0%| F|  |TAMS 0x0000000083f00000, 0x0000000083f00000| Untracked 
|  48|0x0000000084000000, 0x0000000084000000, 0x0000000084100000|  0%| F|  |TAMS 0x0000000084000000, 0x0000000084000000| Untracked 
|  49|0x0000000084100000, 0x0000000084100000, 0x0000000084200000|  0%| F|  |TAMS 0x0000000084100000, 0x0000000084100000| Untracked 
|  50|0x0000000084200000, 0x0000000084200000, 0x0000000084300000|  0%| F|  |TAMS 0x0000000084200000, 0x0000000084200000| Untracked 
|  51|0x0000000084300000, 0x0000000084300000, 0x0000000084400000|  0%| F|  |TAMS 0x0000000084300000, 0x0000000084300000| Untracked 
|  52|0x0000000084400000, 0x00000000844031d8, 0x0000000084500000|  1%| S|CS|TAMS 0x0000000084400000, 0x0000000084400000| Complete 
|  53|0x0000000084500000, 0x0000000084500000, 0x0000000084600000|  0%| F|  |TAMS 0x0000000084500000, 0x0000000084500000| Untracked 
|  54|0x0000000084600000, 0x0000000084600000, 0x0000000084700000|  0%| F|  |TAMS 0x0000000084600000, 0x0000000084600000| Untracked 
|  55|0x0000000084700000, 0x0000000084700000, 0x0000000084800000|  0%| F|  |TAMS 0x0000000084700000, 0x0000000084700000| Untracked 
|  56|0x0000000084800000, 0x0000000084800000, 0x0000000084900000|  0%| F|  |TAMS 0x0000000084800000, 0x0000000084800000| Untracked 
|  57|0x0000000084900000, 0x0000000084900000, 0x0000000084a00000|  0%| F|  |TAMS 0x0000000084900000, 0x0000000084900000| Untracked 
|  58|0x0000000084a00000, 0x0000000084a00000, 0x0000000084b00000|  0%| F|  |TAMS 0x0000000084a00000, 0x0000000084a00000| Untracked 
|  59|0x0000000084b00000, 0x0000000084b00000, 0x0000000084c00000|  0%| F|  |TAMS 0x0000000084b00000, 0x0000000084b00000| Untracked 
|  60|0x0000000084c00000, 0x0000000084c00000, 0x0000000084d00000|  0%| F|  |TAMS 0x0000000084c00000, 0x0000000084c00000| Untracked 
|  61|0x0000000084d00000, 0x0000000084d00000, 0x0000000084e00000|  0%| F|  |TAMS 0x0000000084d00000, 0x0000000084d00000| Untracked 
|  62|0x0000000084e00000, 0x0000000084e00000, 0x0000000084f00000|  0%| F|  |TAMS 0x0000000084e00000, 0x0000000084e00000| Untracked 
|  63|0x0000000084f00000, 0x0000000084f00000, 0x0000000085000000|  0%| F|  |TAMS 0x0000000084f00000, 0x0000000084f00000| Untracked 
|  64|0x0000000085000000, 0x0000000085000000, 0x0000000085100000|  0%| F|  |TAMS 0x0000000085000000, 0x0000000085000000| Untracked 
|  65|0x0000000085100000, 0x0000000085100000, 0x0000000085200000|  0%| F|  |TAMS 0x0000000085100000, 0x0000000085100000| Untracked 
|  66|0x0000000085200000, 0x0000000085200000, 0x0000000085300000|  0%| F|  |TAMS 0x0000000085200000, 0x0000000085200000| Untracked 
|  67|0x0000000085300000, 0x0000000085300000, 0x0000000085400000|  0%| F|  |TAMS 0x0000000085300000, 0x0000000085300000| Untracked 
|  68|0x0000000085400000, 0x0000000085400000, 0x0000000085500000|  0%| F|  |TAMS 0x0000000085400000, 0x0000000085400000| Untracked 
|  69|0x0000000085500000, 0x0000000085500000, 0x0000000085600000|  0%| F|  |TAMS 0x0000000085500000, 0x0000000085500000| Untracked 
|  70|0x0000000085600000, 0x0000000085600000, 0x0000000085700000|  0%| F|  |TAMS 0x0000000085600000, 0x0000000085600000| Untracked 
|  71|0x0000000085700000, 0x0000000085700000, 0x0000000085800000|  0%| F|  |TAMS 0x0000000085700000, 0x0000000085700000| Untracked 
|  72|0x0000000085800000, 0x0000000085800000, 0x0000000085900000|  0%| F|  |TAMS 0x0000000085800000, 0x0000000085800000| Untracked 
|  73|0x0000000085900000, 0x0000000085900000, 0x0000000085a00000|  0%| F|  |TAMS 0x0000000085900000, 0x0000000085900000| Untracked 
|  74|0x0000000085a00000, 0x0000000085a00000, 0x0000000085b00000|  0%| F|  |TAMS 0x0000000085a00000, 0x0000000085a00000| Untracked 
|  75|0x0000000085b00000, 0x0000000085b00000, 0x0000000085c00000|  0%| F|  |TAMS 0x0000000085b00000, 0x0000000085b00000| Untracked 
|  76|0x0000000085c00000, 0x0000000085c00000, 0x0000000085d00000|  0%| F|  |TAMS 0x0000000085c00000, 0x0000000085c00000| Untracked 
|  77|0x0000000085d00000, 0x0000000085d00000, 0x0000000085e00000|  0%| F|  |TAMS 0x0000000085d00000, 0x0000000085d00000| Untracked 
|  78|0x0000000085e00000, 0x0000000085e00000, 0x0000000085f00000|  0%| F|  |TAMS 0x0000000085e00000, 0x0000000085e00000| Untracked 
|  79|0x0000000085f00000, 0x0000000085f00000, 0x0000000086000000|  0%| F|  |TAMS 0x0000000085f00000, 0x0000000085f00000| Untracked 
|  80|0x0000000086000000, 0x0000000086000000, 0x0000000086100000|  0%| F|  |TAMS 0x0000000086000000, 0x0000000086000000| Untracked 
|  81|0x0000000086100000, 0x0000000086100000, 0x0000000086200000|  0%| F|  |TAMS 0x0000000086100000, 0x0000000086100000| Untracked 
|  82|0x0000000086200000, 0x0000000086200000, 0x0000000086300000|  0%| F|  |TAMS 0x0000000086200000, 0x0000000086200000| Untracked 
|  83|0x0000000086300000, 0x0000000086300000, 0x0000000086400000|  0%| F|  |TAMS 0x0000000086300000, 0x0000000086300000| Untracked 
|  84|0x0000000086400000, 0x0000000086400000, 0x0000000086500000|  0%| F|  |TAMS 0x0000000086400000, 0x0000000086400000| Untracked 
|  85|0x0000000086500000, 0x0000000086500000, 0x0000000086600000|  0%| F|  |TAMS 0x0000000086500000, 0x0000000086500000| Untracked 
|  86|0x0000000086600000, 0x0000000086600000, 0x0000000086700000|  0%| F|  |TAMS 0x0000000086600000, 0x0000000086600000| Untracked 
|  87|0x0000000086700000, 0x0000000086700000, 0x0000000086800000|  0%| F|  |TAMS 0x0000000086700000, 0x0000000086700000| Untracked 
|  88|0x0000000086800000, 0x0000000086800000, 0x0000000086900000|  0%| F|  |TAMS 0x0000000086800000, 0x0000000086800000| Untracked 
|  89|0x0000000086900000, 0x0000000086900000, 0x0000000086a00000|  0%| F|  |TAMS 0x0000000086900000, 0x0000000086900000| Untracked 
|  90|0x0000000086a00000, 0x0000000086a00000, 0x0000000086b00000|  0%| F|  |TAMS 0x0000000086a00000, 0x0000000086a00000| Untracked 
|  91|0x0000000086b00000, 0x0000000086b00000, 0x0000000086c00000|  0%| F|  |TAMS 0x0000000086b00000, 0x0000000086b00000| Untracked 
|  92|0x0000000086c00000, 0x0000000086c00000, 0x0000000086d00000|  0%| F|  |TAMS 0x0000000086c00000, 0x0000000086c00000| Untracked 
|  93|0x0000000086d00000, 0x0000000086d00000, 0x0000000086e00000|  0%| F|  |TAMS 0x0000000086d00000, 0x0000000086d00000| Untracked 
|  94|0x0000000086e00000, 0x0000000086e00000, 0x0000000086f00000|  0%| F|  |TAMS 0x0000000086e00000, 0x0000000086e00000| Untracked 
|  95|0x0000000086f00000, 0x0000000086f00000, 0x0000000087000000|  0%| F|  |TAMS 0x0000000086f00000, 0x0000000086f00000| Untracked 
|  96|0x0000000087000000, 0x0000000087000000, 0x0000000087100000|  0%| F|  |TAMS 0x0000000087000000, 0x0000000087000000| Untracked 
|  97|0x0000000087100000, 0x0000000087100000, 0x0000000087200000|  0%| F|  |TAMS 0x0000000087100000, 0x0000000087100000| Untracked 
|  98|0x0000000087200000, 0x0000000087200000, 0x0000000087300000|  0%| F|  |TAMS 0x0000000087200000, 0x0000000087200000| Untracked 
|  99|0x0000000087300000, 0x0000000087300000, 0x0000000087400000|  0%| F|  |TAMS 0x0000000087300000, 0x0000000087300000| Untracked 
| 100|0x0000000087400000, 0x0000000087400000, 0x0000000087500000|  0%| F|  |TAMS 0x0000000087400000, 0x0000000087400000| Untracked 
| 101|0x0000000087500000, 0x00000000875f2cd8, 0x0000000087600000| 94%| E|  |TAMS 0x0000000087500000, 0x0000000087500000| Complete 
| 102|0x0000000087600000, 0x0000000087700000, 0x0000000087700000|100%| E|  |TAMS 0x0000000087600000, 0x0000000087600000| Complete 
| 103|0x0000000087700000, 0x0000000087800000, 0x0000000087800000|100%| E|CS|TAMS 0x0000000087700000, 0x0000000087700000| Complete 
| 104|0x0000000087800000, 0x0000000087900000, 0x0000000087900000|100%| E|CS|TAMS 0x0000000087800000, 0x0000000087800000| Complete 
| 105|0x0000000087900000, 0x0000000087a00000, 0x0000000087a00000|100%| E|CS|TAMS 0x0000000087900000, 0x0000000087900000| Complete 
| 106|0x0000000087a00000, 0x0000000087b00000, 0x0000000087b00000|100%| E|CS|TAMS 0x0000000087a00000, 0x0000000087a00000| Complete 
| 107|0x0000000087b00000, 0x0000000087c00000, 0x0000000087c00000|100%| E|CS|TAMS 0x0000000087b00000, 0x0000000087b00000| Complete 
| 108|0x0000000087c00000, 0x0000000087d00000, 0x0000000087d00000|100%| E|CS|TAMS 0x0000000087c00000, 0x0000000087c00000| Complete 
| 109|0x0000000087d00000, 0x0000000087e00000, 0x0000000087e00000|100%| E|CS|TAMS 0x0000000087d00000, 0x0000000087d00000| Complete 
| 110|0x0000000087e00000, 0x0000000087f00000, 0x0000000087f00000|100%| E|CS|TAMS 0x0000000087e00000, 0x0000000087e00000| Complete 
| 111|0x0000000087f00000, 0x0000000088000000, 0x0000000088000000|100%| E|CS|TAMS 0x0000000087f00000, 0x0000000087f00000| Complete 
| 112|0x0000000088000000, 0x0000000088100000, 0x0000000088100000|100%| E|CS|TAMS 0x0000000088000000, 0x0000000088000000| Complete 
| 113|0x0000000088100000, 0x0000000088200000, 0x0000000088200000|100%| E|CS|TAMS 0x0000000088100000, 0x0000000088100000| Complete 
| 114|0x0000000088200000, 0x0000000088300000, 0x0000000088300000|100%| E|CS|TAMS 0x0000000088200000, 0x0000000088200000| Complete 
| 115|0x0000000088300000, 0x0000000088400000, 0x0000000088400000|100%| E|CS|TAMS 0x0000000088300000, 0x0000000088300000| Complete 
| 116|0x0000000088400000, 0x0000000088500000, 0x0000000088500000|100%| E|CS|TAMS 0x0000000088400000, 0x0000000088400000| Complete 
| 117|0x0000000088500000, 0x0000000088600000, 0x0000000088600000|100%| E|CS|TAMS 0x0000000088500000, 0x0000000088500000| Complete 
| 118|0x0000000088600000, 0x0000000088700000, 0x0000000088700000|100%| E|CS|TAMS 0x0000000088600000, 0x0000000088600000| Complete 
| 119|0x0000000088700000, 0x0000000088800000, 0x0000000088800000|100%| E|CS|TAMS 0x0000000088700000, 0x0000000088700000| Complete 
| 120|0x0000000088800000, 0x0000000088900000, 0x0000000088900000|100%| E|CS|TAMS 0x0000000088800000, 0x0000000088800000| Complete 
| 121|0x0000000088900000, 0x0000000088a00000, 0x0000000088a00000|100%| E|CS|TAMS 0x0000000088900000, 0x0000000088900000| Complete 
| 122|0x0000000088a00000, 0x0000000088b00000, 0x0000000088b00000|100%| E|CS|TAMS 0x0000000088a00000, 0x0000000088a00000| Complete 
| 123|0x0000000088b00000, 0x0000000088c00000, 0x0000000088c00000|100%| E|CS|TAMS 0x0000000088b00000, 0x0000000088b00000| Complete 
| 124|0x0000000088c00000, 0x0000000088d00000, 0x0000000088d00000|100%| E|CS|TAMS 0x0000000088c00000, 0x0000000088c00000| Complete 
| 125|0x0000000088d00000, 0x0000000088e00000, 0x0000000088e00000|100%| E|CS|TAMS 0x0000000088d00000, 0x0000000088d00000| Complete 
| 126|0x0000000088e00000, 0x0000000088f00000, 0x0000000088f00000|100%| E|CS|TAMS 0x0000000088e00000, 0x0000000088e00000| Complete 
| 127|0x0000000088f00000, 0x0000000089000000, 0x0000000089000000|100%| E|CS|TAMS 0x0000000088f00000, 0x0000000088f00000| Complete 

Card table byte_map: [0x0000019839170000,0x0000019839570000] _byte_map_base: 0x0000019838d68000

Marking Bits (Prev, Next): (CMBitMap*) 0x0000019821a7eea8, (CMBitMap*) 0x0000019821a7eee0
 Prev Bits: [0x0000019839970000, 0x000001983b930000)
 Next Bits: [0x000001983b930000, 0x000001983d8f0000)

Polling page: 0x000001981fa40000

Metaspace:

Usage:
  Non-class:     15.07 MB capacity,    14.88 MB ( 99%) used,   145.31 KB ( <1%) free+waste,    45.63 KB ( <1%) overhead. 
      Class:      1.87 MB capacity,     1.70 MB ( 91%) used,   149.87 KB (  8%) free+waste,    23.69 KB (  1%) overhead. 
       Both:     16.94 MB capacity,    16.58 MB ( 98%) used,   295.18 KB (  2%) free+waste,    69.31 KB ( <1%) overhead. 

Virtual space:
  Non-class space:       16.00 MB reserved,      15.25 MB ( 95%) committed 
      Class space:        1.00 GB reserved,       1.88 MB ( <1%) committed 
             Both:        1.02 GB reserved,      17.13 MB (  2%) committed 

Chunk freelists:
   Non-Class:  7.25 KB
       Class:  768 bytes
        Both:  8.00 KB

CodeHeap 'non-profiled nmethods': size=120064Kb used=631Kb max_used=631Kb free=119432Kb
 bounds [0x0000019831830000, 0x0000019831aa0000, 0x0000019838d70000]
CodeHeap 'profiled nmethods': size=120000Kb used=3963Kb max_used=3963Kb free=116036Kb
 bounds [0x000001982a300000, 0x000001982a6e0000, 0x0000019831830000]
CodeHeap 'non-nmethods': size=5696Kb used=1221Kb max_used=1257Kb free=4474Kb
 bounds [0x0000019829d70000, 0x0000019829fe0000, 0x000001982a300000]
 total_blobs=2802 nmethods=1903 adapters=503
 compilation: enabled
              stopped_count=0, restarted_count=0
 full_count=0

Compilation events (10 events):
Event: 452.008 Thread 0x00000198407a6800 1889       3       sun.java2d.pipe.LCDTextRenderer::drawGlyphList (17 bytes)
Event: 452.008 Thread 0x00000198407a6800 nmethod 1889 0x000001982a6db890 code [0x000001982a6dba60, 0x000001982a6dbc30]
Event: 452.008 Thread 0x00000198407a6800 1891       3       sun.font.GlyphList::dispose (48 bytes)
Event: 452.008 Thread 0x00000198407a6800 nmethod 1891 0x000001982a6dbd90 code [0x000001982a6dbf60, 0x000001982a6dc278]
Event: 452.098 Thread 0x00000198407a6800 1892       1       javax.swing.JComponent::isValidateRoot (2 bytes)
Event: 452.099 Thread 0x00000198407a6800 nmethod 1892 0x00000198318cc310 code [0x00000198318cc4c0, 0x00000198318cc5d8]
Event: 452.099 Thread 0x00000198407a6800 1893       1       javax.swing.DefaultButtonModel::getMnemonic (5 bytes)
Event: 452.099 Thread 0x00000198407a6800 nmethod 1893 0x00000198318cc690 code [0x00000198318cc840, 0x00000198318cc958]
Event: 452.101 Thread 0x000001983fdfb000 1894       4       sun.font.FontDesignMetrics::getHeight (35 bytes)
Event: 452.101 Thread 0x000001983fdfb000 nmethod 1894 0x00000198318cca10 code [0x00000198318ccba0, 0x00000198318ccc18]

GC Heap History (10 events):
Event: 93.692 GC heap before
{Heap before GC invocations=0 (full 0):
 garbage-first heap   total 131072K, used 15360K [0x0000000081000000, 0x0000000100000000)
  region size 1024K, 14 young (14336K), 0 survivors (0K)
 Metaspace       used 16737K, capacity 17087K, committed 17280K, reserved 1064960K
  class space    used 1740K, capacity 1914K, committed 1920K, reserved 1048576K
}
Event: 93.700 GC heap after
{Heap after GC invocations=1 (full 0):
 garbage-first heap   total 131072K, used 4174K [0x0000000081000000, 0x0000000100000000)
  region size 1024K, 2 young (2048K), 2 survivors (2048K)
 Metaspace       used 16737K, capacity 17087K, committed 17280K, reserved 1064960K
  class space    used 1740K, capacity 1914K, committed 1920K, reserved 1048576K
}
Event: 248.090 GC heap before
{Heap before GC invocations=1 (full 0):
 garbage-first heap   total 131072K, used 8270K [0x0000000081000000, 0x0000000100000000)
  region size 1024K, 6 young (6144K), 2 survivors (2048K)
 Metaspace       used 16915K, capacity 17280K, committed 17536K, reserved 1064960K
  class space    used 1740K, capacity 1914K, committed 1920K, reserved 1048576K
}
Event: 248.095 GC heap after
{Heap after GC invocations=2 (full 0):
 garbage-first heap   total 131072K, used 4522K [0x0000000081000000, 0x0000000100000000)
  region size 1024K, 1 young (1024K), 1 survivors (1024K)
 Metaspace       used 16915K, capacity 17280K, committed 17536K, reserved 1064960K
  class space    used 1740K, capacity 1914K, committed 1920K, reserved 1048576K
}
Event: 274.019 GC heap before
{Heap before GC invocations=2 (full 0):
 garbage-first heap   total 131072K, used 25002K [0x0000000081000000, 0x0000000100000000)
  region size 1024K, 22 young (22528K), 1 survivors (1024K)
 Metaspace       used 16948K, capacity 17344K, committed 17536K, reserved 1064960K
  class space    used 1740K, capacity 1914K, committed 1920K, reserved 1048576K
}
Event: 274.020 GC heap after
{Heap after GC invocations=3 (full 0):
 garbage-first heap   total 131072K, used 4332K [0x0000000081000000, 0x0000000100000000)
  region size 1024K, 1 young (1024K), 1 survivors (1024K)
 Metaspace       used 16948K, capacity 17344K, committed 17536K, reserved 1064960K
  class space    used 1740K, capacity 1914K, committed 1920K, reserved 1048576K
}
Event: 351.083 GC heap before
{Heap before GC invocations=3 (full 0):
 garbage-first heap   total 131072K, used 80108K [0x0000000081000000, 0x0000000100000000)
  region size 1024K, 76 young (77824K), 1 survivors (1024K)
 Metaspace       used 16951K, capacity 17344K, committed 17536K, reserved 1064960K
  class space    used 1740K, capacity 1914K, committed 1920K, reserved 1048576K
}
Event: 351.084 GC heap after
{Heap after GC invocations=4 (full 0):
 garbage-first heap   total 131072K, used 4260K [0x0000000081000000, 0x0000000100000000)
  region size 1024K, 1 young (1024K), 1 survivors (1024K)
 Metaspace       used 16951K, capacity 17344K, committed 17536K, reserved 1064960K
  class space    used 1740K, capacity 1914K, committed 1920K, reserved 1048576K
}
Event: 427.870 GC heap before
{Heap before GC invocations=4 (full 0):
 garbage-first heap   total 131072K, used 80036K [0x0000000081000000, 0x0000000100000000)
  region size 1024K, 76 young (77824K), 1 survivors (1024K)
 Metaspace       used 16952K, capacity 17344K, committed 17536K, reserved 1064960K
  class space    used 1740K, capacity 1914K, committed 1920K, reserved 1048576K
}
Event: 427.870 GC heap after
{Heap after GC invocations=5 (full 0):
 garbage-first heap   total 131072K, used 4247K [0x0000000081000000, 0x0000000100000000)
  region size 1024K, 1 young (1024K), 1 survivors (1024K)
 Metaspace       used 16952K, capacity 17344K, committed 17536K, reserved 1064960K
  class space    used 1740K, capacity 1914K, committed 1920K, reserved 1048576K
}

Deoptimization events (10 events):
Event: 0.890 Thread 0x0000019840d47800 Uncommon trap: reason=unstable_if action=reinterpret pc=0x0000019831857850 method=java.util.HashMap.putVal(ILjava/lang/Object;Ljava/lang/Object;ZZ)Ljava/lang/Object; @ 181 c2
Event: 1.044 Thread 0x0000019840d47800 Uncommon trap: reason=unstable_if action=reinterpret pc=0x000001983185fab4 method=jdk.internal.org.objectweb.asm.Type.getArgumentsAndReturnSizes(Ljava/lang/String;)I @ 88 c2
Event: 1.075 Thread 0x0000019840d47800 Uncommon trap: reason=unstable_if action=reinterpret pc=0x0000019831865be0 method=jdk.internal.org.objectweb.asm.Frame.execute(IILjdk/internal/org/objectweb/asm/ClassWriter;Ljdk/internal/org/objectweb/asm/Item;)V @ 1 c2
Event: 1.231 Thread 0x0000019840d47800 Uncommon trap: reason=class_check action=maybe_recompile pc=0x00000198318466e8 method=java.lang.String.equals(Ljava/lang/Object;)Z @ 8 c2
Event: 1.239 Thread 0x0000019840d47800 Uncommon trap: reason=class_check action=maybe_recompile pc=0x00000198318466e8 method=java.lang.String.equals(Ljava/lang/Object;)Z @ 8 c2
Event: 5.341 Thread 0x0000019840d47800 Uncommon trap: reason=class_check action=maybe_recompile pc=0x00000198318466e8 method=java.lang.String.equals(Ljava/lang/Object;)Z @ 8 c2
Event: 5.341 Thread 0x0000019840d47800 Uncommon trap: reason=class_check action=maybe_recompile pc=0x00000198318466e8 method=java.lang.String.equals(Ljava/lang/Object;)Z @ 8 c2
Event: 93.718 Thread 0x0000019840d47800 Uncommon trap: reason=unstable_if action=reinterpret pc=0x000001983187f878 method=java.lang.ref.ReferenceQueue.poll()Ljava/lang/ref/Reference; @ 4 c2
Event: 235.997 Thread 0x0000019840d47800 Uncommon trap: reason=unstable_if action=reinterpret pc=0x00000198318b534c method=java.awt.EventQueue.getPriority(Ljava/awt/AWTEvent;)I @ 71 c2
Event: 235.997 Thread 0x0000019840d47800 Uncommon trap: reason=unstable_if action=reinterpret pc=0x00000198318bbfb8 method=java.awt.EventQueue.eventToCacheIndex(Ljava/awt/AWTEvent;)I @ 4 c2

Classes redefined (0 events):
No events

Internal exceptions (10 events):
Event: 0.769 Thread 0x0000019840d47800 Exception <a 'java/lang/NoSuchMethodError'{0x000000008895c638}: java.lang.invoke.DirectMethodHandle$Holder.invokeStatic(Ljava/lang/Object;ILjava/lang/Object;Ljava/lang/Object;Ljava/lang/Object;)Ljava/lang/Object;> (0x000000008895c638) thrown at [t:/worksp
Event: 0.769 Thread 0x0000019840d47800 Exception <a 'java/lang/NoSuchMethodError'{0x0000000088960178}: java.lang.invoke.DirectMethodHandle$Holder.invokeSpecial(Ljava/lang/Object;Ljava/lang/Object;ILjava/lang/Object;Ljava/lang/Object;Ljava/lang/Object;)Ljava/lang/Object;> (0x0000000088960178) t
Event: 0.806 Thread 0x0000019840d47800 Exception <a 'java/lang/ClassNotFoundException'{0x0000000088827710}: com/sun/swing/internal/plaf/metal/resources/spi/metalProvider> (0x0000000088827710) thrown at [t:/workspace/open/src/hotspot/share/classfile/systemDictionary.cpp, line 231]
Event: 0.807 Thread 0x0000019840d47800 Exception <a 'java/lang/ClassNotFoundException'{0x000000008882be48}: com/sun/swing/internal/plaf/basic/resources/spi/basicProvider> (0x000000008882be48) thrown at [t:/workspace/open/src/hotspot/share/classfile/systemDictionary.cpp, line 231]
Event: 0.922 Thread 0x0000019840d47800 Exception <a 'java/lang/NoSuchMethodError'{0x00000000887cd7e0}: java.lang.invoke.DirectMethodHandle$Holder.invokeStatic(Ljava/lang/Object;Ljava/lang/Object;Ljava/lang/Object;Ljava/lang/Object;Ljava/lang/Object;Ljava/lang/Object;Ljava/lang/Object;Ljava/lan
Event: 0.925 Thread 0x0000019840d47800 Exception <a 'java/lang/NoSuchMethodError'{0x00000000887ebc48}: java.lang.invoke.DirectMethodHandle$Holder.invokeStatic(Ljava/lang/Object;Ljava/lang/Object;Ljava/lang/Object;Ljava/lang/Object;Ljava/lang/Object;Ljava/lang/Object;Ljava/lang/Object;Ljava/lan
Event: 0.928 Thread 0x0000019840d47800 Exception <a 'java/lang/NoSuchMethodError'{0x000000008860b120}: java.lang.invoke.DirectMethodHandle$Holder.invokeStatic(Ljava/lang/Object;Ljava/lang/Object;Ljava/lang/Object;Ljava/lang/Object;Ljava/lang/Object;Ljava/lang/Object;Ljava/lang/Object;Ljava/lan
Event: 0.931 Thread 0x0000019840d47800 Exception <a 'java/lang/NoSuchMethodError'{0x000000008862b7d8}: java.lang.invoke.DirectMethodHandle$Holder.invokeStatic(Ljava/lang/Object;Ljava/lang/Object;Ljava/lang/Object;Ljava/lang/Object;Ljava/lang/Object;Ljava/lang/Object;Ljava/lang/Object;Ljava/lan
Event: 1.074 Thread 0x0000019840d47800 Exception <a 'java/lang/NoSuchMethodError'{0x0000000088502c28}: java.lang.invoke.DirectMethodHandle$Holder.invokeStaticInit(Ljava/lang/Object;)V> (0x0000000088502c28) thrown at [t:/workspace/open/src/hotspot/share/interpreter/linkResolver.cpp, line 772]
Event: 1.083 Thread 0x0000019840d47800 Exception <a 'java/lang/NoSuchMethodError'{0x0000000088554dc0}: java.lang.invoke.Invokers$Holder.linkToTargetMethod(Ljava/lang/Object;ILjava/lang/Object;)Ljava/lang/Object;> (0x0000000088554dc0) thrown at [t:/workspace/open/src/hotspot/share/interpreter/l

Events (10 events):
Event: 248.090 Executing VM operation: G1CollectForAllocation
Event: 248.095 Executing VM operation: G1CollectForAllocation done
Event: 274.019 Executing VM operation: G1CollectForAllocation
Event: 274.020 Executing VM operation: G1CollectForAllocation done
Event: 275.715 Executing VM operation: BulkRevokeBias
Event: 275.715 Executing VM operation: BulkRevokeBias done
Event: 351.083 Executing VM operation: G1CollectForAllocation
Event: 351.084 Executing VM operation: G1CollectForAllocation done
Event: 427.870 Executing VM operation: G1CollectForAllocation
Event: 427.871 Executing VM operation: G1CollectForAllocation done


Dynamic libraries:
0x00007ff7338f0000 - 0x00007ff733937000 	C:\Program Files\Java\jdk-11.0.2\bin\javaw.exe
0x00007ffe53630000 - 0x00007ffe5381d000 	C:\Windows\SYSTEM32\ntdll.dll
0x00007ffe52aa0000 - 0x00007ffe52b53000 	C:\Windows\System32\KERNEL32.DLL
0x00007ffe4fe50000 - 0x00007ffe500e3000 	C:\Windows\System32\KERNELBASE.dll
0x00007ffe53080000 - 0x00007ffe53123000 	C:\Windows\System32\ADVAPI32.dll
0x00007ffe53560000 - 0x00007ffe535fe000 	C:\Windows\System32\msvcrt.dll
0x00007ffe50be0000 - 0x00007ffe50c7e000 	C:\Windows\System32\sechost.dll
0x00007ffe52970000 - 0x00007ffe52a92000 	C:\Windows\System32\RPCRT4.dll
0x00007ffe531d0000 - 0x00007ffe53367000 	C:\Windows\System32\USER32.dll
0x00007ffe50170000 - 0x00007ffe50190000 	C:\Windows\System32\win32u.dll
0x00007ffe531a0000 - 0x00007ffe531c9000 	C:\Windows\System32\GDI32.dll
0x00007ffe50190000 - 0x00007ffe5032a000 	C:\Windows\System32\gdi32full.dll
0x00007ffe507c0000 - 0x00007ffe50860000 	C:\Windows\System32\msvcp_win.dll
0x00007ffe506c0000 - 0x00007ffe507ba000 	C:\Windows\System32\ucrtbase.dll
0x00007ffe49890000 - 0x00007ffe49b09000 	C:\Windows\WinSxS\amd64_microsoft.windows.common-controls_6595b64144ccf1df_6.0.17763.379_none_05b83be8071c94a1\COMCTL32.dll
0x00007ffe50d00000 - 0x00007ffe5102d000 	C:\Windows\System32\combase.dll
0x00007ffe4b1d0000 - 0x00007ffe4b1da000 	C:\Windows\SYSTEM32\VERSION.dll
0x00007ffe500f0000 - 0x00007ffe5016e000 	C:\Windows\System32\bcryptPrimitives.dll
0x00007ffe53370000 - 0x00007ffe5339e000 	C:\Windows\System32\IMM32.DLL
0x00007ffe4bef0000 - 0x00007ffe4bf06000 	C:\Program Files\Java\jdk-11.0.2\bin\vcruntime140.dll
0x00007ffe1ad60000 - 0x00007ffe1ae0a000 	C:\Program Files\Java\jdk-11.0.2\bin\msvcp140.dll
0x00007ffe194b0000 - 0x00007ffe19fd7000 	C:\Program Files\Java\jdk-11.0.2\bin\server\jvm.dll
0x00007ffe53550000 - 0x00007ffe53558000 	C:\Windows\System32\PSAPI.DLL
0x00007ffe3ef30000 - 0x00007ffe3ef39000 	C:\Windows\SYSTEM32\WSOCK32.dll
0x00007ffe53130000 - 0x00007ffe5319d000 	C:\Windows\System32\WS2_32.dll
0x00007ffe4d270000 - 0x00007ffe4d294000 	C:\Windows\SYSTEM32\WINMM.dll
0x00007ffe4d240000 - 0x00007ffe4d26d000 	C:\Windows\SYSTEM32\WINMMBASE.dll
0x00007ffe50360000 - 0x00007ffe503aa000 	C:\Windows\System32\cfgmgr32.dll
0x00007ffe4f630000 - 0x00007ffe4f641000 	C:\Windows\System32\kernel.appcore.dll
0x00007ffe49ff0000 - 0x00007ffe4a001000 	C:\Program Files\Java\jdk-11.0.2\bin\verify.dll
0x00007ffe3b8f0000 - 0x00007ffe3badd000 	C:\Windows\SYSTEM32\DBGHELP.DLL
0x00007ffe3b720000 - 0x00007ffe3b74a000 	C:\Windows\SYSTEM32\dbgcore.DLL
0x00007ffe1a5c0000 - 0x00007ffe1a5e9000 	C:\Program Files\Java\jdk-11.0.2\bin\java.dll
0x00007ffe1a940000 - 0x00007ffe1a956000 	C:\Program Files\Java\jdk-11.0.2\bin\zip.dll
0x00007ffe37fe0000 - 0x00007ffe37fea000 	C:\Program Files\Java\jdk-11.0.2\bin\jimage.dll
0x00007ffe51090000 - 0x00007ffe52580000 	C:\Windows\System32\SHELL32.dll
0x00007ffe50ad0000 - 0x00007ffe50b78000 	C:\Windows\System32\shcore.dll
0x00007ffe4f700000 - 0x00007ffe4fe4a000 	C:\Windows\System32\windows.storage.dll
0x00007ffe4f650000 - 0x00007ffe4f674000 	C:\Windows\System32\profapi.dll
0x00007ffe4f680000 - 0x00007ffe4f6dd000 	C:\Windows\System32\powrprof.dll
0x00007ffe51030000 - 0x00007ffe51082000 	C:\Windows\System32\shlwapi.dll
0x00007ffe50640000 - 0x00007ffe50657000 	C:\Windows\System32\cryptsp.dll
0x00007ffe13310000 - 0x00007ffe134af000 	C:\Program Files\Java\jdk-11.0.2\bin\awt.dll
0x00007ffe50a00000 - 0x00007ffe50acb000 	C:\Windows\System32\OLEAUT32.dll
0x00007ffe4cab0000 - 0x00007ffe4d06e000 	C:\Windows\SYSTEM32\d2d1.dll
0x00007ffe4d8f0000 - 0x00007ffe4d97c000 	C:\Windows\SYSTEM32\apphelp.dll
0x00007ffe4db80000 - 0x00007ffe4dc1c000 	C:\Windows\system32\uxtheme.dll
0x00007ffe52630000 - 0x00007ffe5279a000 	C:\Windows\System32\MSCTF.dll
0x00007ffe4dd20000 - 0x00007ffe4dd4e000 	C:\Windows\system32\dwmapi.dll
0x00007ffe503b0000 - 0x00007ffe5058b000 	C:\Windows\System32\CRYPT32.dll
0x00007ffe4f6e0000 - 0x00007ffe4f6f2000 	C:\Windows\System32\MSASN1.dll
0x00007ffe527a0000 - 0x00007ffe528f5000 	C:\Windows\System32\ole32.dll
0x00007ffe27bb0000 - 0x00007ffe27cd7000 	C:\Windows\system32\opengl32.dll
0x00007ffe27db0000 - 0x00007ffe27ddc000 	C:\Windows\SYSTEM32\GLU32.dll
0x00007ffe1a350000 - 0x00007ffe1a3d0000 	C:\Program Files\Java\jdk-11.0.2\bin\freetype.dll
0x00007ffe1bb70000 - 0x00007ffe1bbdf000 	C:\Program Files\Java\jdk-11.0.2\bin\fontmanager.dll
0x00007ffe4a040000 - 0x00007ffe4a059000 	C:\Program Files\Java\jdk-11.0.2\bin\net.dll
0x00007ffe49ef0000 - 0x00007ffe49fe1000 	C:\Windows\SYSTEM32\WINHTTP.dll
0x00007ffe420b0000 - 0x00007ffe42286000 	C:\Windows\SYSTEM32\urlmon.dll
0x00007ffe42830000 - 0x00007ffe42ad8000 	C:\Windows\SYSTEM32\iertutil.dll
0x00007ffe4f080000 - 0x00007ffe4f08c000 	C:\Windows\SYSTEM32\CRYPTBASE.DLL
0x00007ffe4eeb0000 - 0x00007ffe4ef17000 	C:\Windows\system32\mswsock.dll
0x00007ffe1a540000 - 0x00007ffe1a553000 	C:\Program Files\Java\jdk-11.0.2\bin\nio.dll
0x00007ffe52580000 - 0x00007ffe52622000 	C:\Windows\System32\clbcatq.dll
0x00007ffe48c80000 - 0x00007ffe48e38000 	C:\Windows\SYSTEM32\WindowsCodecs.dll
0x00007ffe30c70000 - 0x00007ffe30cc6000 	C:\Windows\system32\dataexchange.dll
0x00007ffe4d070000 - 0x00007ffe4d233000 	C:\Windows\system32\dcomp.dll
0x00007ffe4c830000 - 0x00007ffe4caae000 	C:\Windows\system32\d3d11.dll
0x00007ffe4e3b0000 - 0x00007ffe4e472000 	C:\Windows\system32\dxgi.dll
0x00007ffe4de00000 - 0x00007ffe4e00d000 	C:\Windows\system32\twinapi.appcore.dll
0x00007ffe4e010000 - 0x00007ffe4e038000 	C:\Windows\system32\RMCLIENT.dll
0x00007ffe43120000 - 0x00007ffe431b5000 	C:\Windows\System32\TextInputFramework.dll
0x00007ffe4d6e0000 - 0x00007ffe4d7c2000 	C:\Windows\System32\CoreMessaging.dll
0x00007ffe48f50000 - 0x00007ffe49272000 	C:\Windows\System32\CoreUIComponents.dll
0x00007ffe4e6f0000 - 0x00007ffe4e721000 	C:\Windows\SYSTEM32\ntmarta.dll
0x00007ffe4b590000 - 0x00007ffe4b6e3000 	C:\Windows\SYSTEM32\wintypes.dll
0x00007ffe00ae0000 - 0x00007ffe00b15000 	C:\Program Files\Java\jdk-11.0.2\bin\com_rfid_uhf_Device.dll
0x00007ffe00a70000 - 0x00007ffe00ad8000 	C:\Program Files\Java\jdk-11.0.2\bin\UHFReader288MP.dll
0x00007ffe52be0000 - 0x00007ffe53055000 	C:\Windows\System32\SETUPAPI.dll
0x00007ffe50330000 - 0x00007ffe50356000 	C:\Windows\System32\bcrypt.dll

dbghelp: loaded successfully - version: 4.0.5 - missing functions: none
symbol engine: initialized successfully - sym options: 0x614 - pdb path: .;C:\Program Files\Java\jdk-11.0.2\bin;C:\Windows\SYSTEM32;C:\Windows\WinSxS\amd64_microsoft.windows.common-controls_6595b64144ccf1df_6.0.17763.379_none_05b83be8071c94a1;C:\Program Files\Java\jdk-11.0.2\bin\server

VM Arguments:
jvm_args: -Dfile.encoding=Cp1252 
java_command: com.dgreat.rfid.MainFrame
java_class_path (initial): C:\Users\dgrea\eclipse-workspace\RFID\bin
Launcher Type: SUN_STANDARD

[Global flags]
     intx CICompilerCount                          = 3                                         {product} {ergonomic}
     uint ConcGCThreads                            = 1                                         {product} {ergonomic}
     uint G1ConcRefinementThreads                  = 4                                         {product} {ergonomic}
   size_t G1HeapRegionSize                         = 1048576                                   {product} {ergonomic}
    uintx GCDrainStackTargetSize                   = 64                                        {product} {ergonomic}
   size_t InitialHeapSize                          = 134217728                                 {product} {ergonomic}
   size_t MarkStackSize                            = 4194304                                   {product} {ergonomic}
   size_t MaxHeapSize                              = 2130706432                                {product} {ergonomic}
   size_t MaxNewSize                               = 1278214144                                {product} {ergonomic}
   size_t MinHeapDeltaBytes                        = 1048576                                   {product} {ergonomic}
    uintx NonNMethodCodeHeapSize                   = 5830092                                {pd product} {ergonomic}
    uintx NonProfiledCodeHeapSize                  = 122914074                              {pd product} {ergonomic}
    uintx ProfiledCodeHeapSize                     = 122914074                              {pd product} {ergonomic}
    uintx ReservedCodeCacheSize                    = 251658240                              {pd product} {ergonomic}
     bool SegmentedCodeCache                       = true                                      {product} {ergonomic}
     bool UseCompressedClassPointers               = true                                 {lp64_product} {ergonomic}
     bool UseCompressedOops                        = true                                 {lp64_product} {ergonomic}
     bool UseG1GC                                  = true                                      {product} {ergonomic}
     bool UseLargePagesIndividualAllocation        = false                                  {pd product} {ergonomic}

Logging:
Log output configuration:
 #0: stdout all=warning uptime,level,tags
 #1: stderr all=off uptime,level,tags

Environment Variables:
PATH=C:/Program Files/Java/jdk-11.0.2/bin/server;C:/Program Files/Java/jdk-11.0.2/bin;C:\Program Files (x86)\Common Files\Oracle\Java\javapath;C:\Windows\system32;C:\Windows;C:\Windows\System32\Wbem;C:\Windows\System32\WindowsPowerShell\v1.0\;C:\Windows\System32\OpenSSH\;C:\Users\dgrea\AppData\Local\Microsoft\WindowsApps;;C:\Windows\system32;
USERNAME=dgrea
OS=Windows_NT
PROCESSOR_IDENTIFIER=Intel64 Family 6 Model 69 Stepping 1, GenuineIntel



---------------  S Y S T E M  ---------------

OS: Windows 10 , 64 bit Build 17763 (10.0.17763.379)

CPU:total 4 (initial active 4) (2 cores per cpu, 2 threads per core) family 6 model 69 stepping 1, cmov, cx8, fxsr, mmx, sse, sse2, sse3, ssse3, sse4.1, sse4.2, popcnt, avx, avx2, aes, clmul, erms, lzcnt, ht, tsc, tscinvbit, bmi1, bmi2, fma

Memory: 4k page, system-wide physical 8122M (4233M free)
TotalPageFile size 9402M (AvailPageFile size 4909M)
current process WorkingSet (physical memory assigned to process): 144M, peak: 144M
current process commit charge ("private bytes"): 218M, peak: 232M

vm_info: Java HotSpot(TM) 64-Bit Server VM (11.0.2+9-LTS) for windows-amd64 JRE (11.0.2+9-LTS), built on Jan 18 2019 05:24:10 by "mach5one" with MS VC++ 15.5 (VS2017)

END.
