#
# A fatal error has been detected by the Java Runtime Environment:
#
#  EXCEPTION_ACCESS_VIOLATION (0xc0000005) at pc=0x0000000077362b04, pid=3856, tid=0x000000000000086c
#
# JRE version: Java(TM) SE Runtime Environment (8.0_221-b11) (build 1.8.0_221-b11)
# Java VM: Java HotSpot(TM) 64-Bit Server VM (25.221-b11 mixed mode windows-amd64 compressed oops)
# Problematic frame:
# C  [ntdll.dll+0x32b04]
#
# Failed to write core dump. Minidumps are not enabled by default on client versions of Windows
#
# If you would like to submit a bug report, please visit:
#   http://bugreport.java.com/bugreport/crash.jsp
# The crash happened outside the Java Virtual Machine in native code.
# See problematic frame for where to report the bug.
#

---------------  T H R E A D  ---------------

Current thread (0x00000000561fd000):  JavaThread "Thread-2" [_thread_in_native, id=2156, stack(0x0000000058740000,0x0000000058840000)]

siginfo: ExceptionCode=0xc0000005, writing address 0x0000000000000024

Registers:
RAX=0x0000000000000000, RBX=0x0000000057bd03b8, RCX=0x00000000fffffffe, RDX=0x00000000000004cc
RSP=0x0000000058839aa0, RBP=0x0000000000000000, RSI=0x00000000000004cc, RDI=0x0000000000000000
R8 =0x0000000058839a58, R9 =0x0000000000000002, R10=0x0000000000000000, R11=0x0000000000000246
R12=0x0000000000000000, R13=0x0000000000000000, R14=0x000007ffffeec000, R15=0x0000000000000000
RIP=0x0000000077362b04, EFLAGS=0x0000000000010213

Top of Stack: (sp=0x0000000058839aa0)
0x0000000058839aa0:   0000000058ac9e68 00000000000004cc
0x0000000058839ab0:   0000000058af12b8 a856d5aa5899afe8
0x0000000058839ac0:   b66b6dda58a9b008 bbbb7776535ba928
0x0000000058839ad0:   bbb6eeba58ae0488 79bdf73f58ad8348
0x0000000058839ae0:   0000632b514c8e1e 39ee7b9ea30003a0
0x0000000058839af0:   0000000000000000 0000000000000080
0x0000000058839b00:   0000000000000000 000007fedfd00240
0x0000000058839b10:   000000005883ede8 000000000000000c
0x0000000058839b20:   00000000561c2db0 00000000561c2dc0
0x0000000058839b30:   0000000000000002 0000000000000003
0x0000000058839b40:   00000000ff000000 000000007735d261
0x0000000058839b50:   0000000000000000 0000000058839ce1
0x0000000058839b60:   000007fedfd00240 0000000057bd03b8
0x0000000058839b70:   0000000000000002 000007fedfcb4e65
0x0000000058839b80:   00000000000000a1 0000000000000000
0x0000000058839b90:   0000000000000001 000000005883ede0 

Instructions: (pc=0x0000000077362b04)
0x0000000077362ae4:   0f b1 4b 08 0f 85 94 00 00 00 48 8b 03 4c 89 ac
0x0000000077362af4:   24 c0 00 00 00 33 ed 45 33 ed 48 83 f8 ff 74 03
0x0000000077362b04:   ff 40 24 ba 22 17 00 00 48 8d 3d c5 55 0f 00 80
0x0000000077362b14:   3c 25 82 03 fe 7f 00 0f 85 44 ea 04 00 48 83 fe 


Register to memory mapping:

RAX=0x0000000000000000 is an unknown value
RBX=0x0000000057bd03b8 is an unknown value
RCX=0x00000000fffffffe is an unallocated location in the heap
RDX=0x00000000000004cc is an unknown value
RSP=0x0000000058839aa0 is pointing into the stack for thread: 0x00000000561fd000
RBP=0x0000000000000000 is an unknown value
RSI=0x00000000000004cc is an unknown value
RDI=0x0000000000000000 is an unknown value
R8 =0x0000000058839a58 is pointing into the stack for thread: 0x00000000561fd000
R9 =0x0000000000000002 is an unknown value
R10=0x0000000000000000 is an unknown value
R11=0x0000000000000246 is an unknown value
R12=0x0000000000000000 is an unknown value
R13=0x0000000000000000 is an unknown value
R14=0x000007ffffeec000 is an unknown value
R15=0x0000000000000000 is an unknown value


Stack: [0x0000000058740000,0x0000000058840000],  sp=0x0000000058839aa0,  free space=998k
Native frames: (J=compiled Java code, j=interpreted, Vv=VM code, C=native code)

Java frames: (J=compiled Java code, j=interpreted, Vv=VM code)
j  com.rfid.uhf.Device.Inventory_G2([BBBB[BB[BBBBBBBBB[B[B[I[II)I+0
j  com.dgreat.rfid.RFID.readInventory()Ljava/lang/String;+126
j  com.dgreat.rfid.MainFrame$6.run()V+95
j  java.lang.Thread.run()V+11
v  ~StubRoutines::call_stub

---------------  P R O C E S S  ---------------

Java Threads: ( => current thread )
=>0x00000000561fd000 JavaThread "Thread-2" [_thread_in_native, id=2156, stack(0x0000000058740000,0x0000000058840000)]
  0x0000000055244800 JavaThread "TimerQueue" daemon [_thread_blocked, id=4904, stack(0x0000000056c70000,0x0000000056d70000)]
  0x00000000551dc000 JavaThread "mysql-cj-abandoned-connection-cleanup" daemon [_thread_blocked, id=1640, stack(0x0000000055b60000,0x0000000055c60000)]
  0x00000000022ae000 JavaThread "DestroyJavaVM" [_thread_blocked, id=1528, stack(0x0000000002500000,0x0000000002600000)]
  0x0000000055173000 JavaThread "AWT-EventQueue-0" [_thread_blocked, id=3148, stack(0x0000000055960000,0x0000000055a60000)]
  0x000000005516b800 JavaThread "AWT-Windows" daemon [_thread_in_native, id=2588, stack(0x0000000055810000,0x0000000055910000)]
  0x0000000055169000 JavaThread "AWT-Shutdown" [_thread_blocked, id=5104, stack(0x0000000055580000,0x0000000055680000)]
  0x0000000055168000 JavaThread "Java2D Disposer" daemon [_thread_blocked, id=4736, stack(0x0000000055700000,0x0000000055800000)]
  0x0000000054e60800 JavaThread "Service Thread" daemon [_thread_blocked, id=3704, stack(0x00000000552a0000,0x00000000553a0000)]
  0x00000000539e5000 JavaThread "C1 CompilerThread1" daemon [_thread_blocked, id=4284, stack(0x0000000054d50000,0x0000000054e50000)]
  0x00000000539db800 JavaThread "C2 CompilerThread0" daemon [_thread_in_native, id=1436, stack(0x0000000054c20000,0x0000000054d20000)]
  0x00000000539d9800 JavaThread "Attach Listener" daemon [_thread_blocked, id=4292, stack(0x00000000549f0000,0x0000000054af0000)]
  0x00000000539d8800 JavaThread "Signal Dispatcher" daemon [_thread_blocked, id=4816, stack(0x00000000548c0000,0x00000000549c0000)]
  0x00000000539bf000 JavaThread "Finalizer" daemon [_thread_blocked, id=4912, stack(0x0000000054560000,0x0000000054660000)]
  0x0000000053977800 JavaThread "Reference Handler" daemon [_thread_blocked, id=4684, stack(0x00000000546b0000,0x00000000547b0000)]

Other Threads:
  0x000000005396d800 VMThread [stack: 0x0000000054440000,0x0000000054540000] [id=3944]
  0x0000000054e81000 WatcherThread [stack: 0x0000000055470000,0x0000000055570000] [id=1796]

VM state:not at safepoint (normal execution)

VM Mutex/Monitor currently owned by a thread: None

heap address: 0x00000000e0600000, size: 506 MB, Compressed Oops mode: 32-bit
Narrow klass base: 0x0000000000000000, Narrow klass shift: 0
Compressed class space size: 1073741824 Address: 0x0000000013040000

Heap:
 PSYoungGen      total 9728K, used 4048K [0x00000000f5780000, 0x00000000f6200000, 0x0000000100000000)
  eden space 8704K, 34% used [0x00000000f5780000,0x00000000f5a741d0,0x00000000f6000000)
  from space 1024K, 100% used [0x00000000f6100000,0x00000000f6200000,0x00000000f6200000)
  to   space 1024K, 0% used [0x00000000f6000000,0x00000000f6000000,0x00000000f6100000)
 ParOldGen       total 22016K, used 5553K [0x00000000e0600000, 0x00000000e1b80000, 0x00000000f5780000)
  object space 22016K, 25% used [0x00000000e0600000,0x00000000e0b6c7f0,0x00000000e1b80000)
 Metaspace       used 15398K, capacity 15634K, committed 15744K, reserved 1062912K
  class space    used 1759K, capacity 1834K, committed 1920K, reserved 1048576K

Card table byte_map: [0x00000000023b0000,0x00000000024b0000] byte_map_base: 0x0000000001cad000

Marking Bits: (ParMarkBitMap*) 0x000000006e665ce0
 Begin Bits: [0x0000000012070000, 0x0000000012858000)
 End Bits:   [0x0000000012858000, 0x0000000013040000)

Polling page: 0x0000000000120000

CodeCache: size=245760Kb used=7045Kb max_used=7069Kb free=238714Kb
 bounds [0x00000000028d0000, 0x0000000002fc0000, 0x00000000118d0000]
 total_blobs=2626 nmethods=2072 adapters=467
 compilation: enabled

Compilation events (10 events):
Event: 21.404 Thread 0x00000000539e5000 2069       3       java.awt.LightweightDispatcher::retargetMouseEnterExit (79 bytes)
Event: 21.404 Thread 0x00000000539e5000 nmethod 2069 0x0000000002f96850 code [0x0000000002f96a00, 0x0000000002f96fd8]
Event: 21.404 Thread 0x00000000539e5000 2070       3       java.awt.LightweightDispatcher::isMouseGrab (49 bytes)
Event: 21.405 Thread 0x00000000539e5000 nmethod 2070 0x0000000002f95f50 code [0x0000000002f960e0, 0x0000000002f966f8]
Event: 21.405 Thread 0x00000000539e5000 2071       3       java.awt.LightweightDispatcher::processMouseEvent (286 bytes)
Event: 21.407 Thread 0x00000000539e5000 nmethod 2071 0x0000000002f932d0 code [0x0000000002f93640, 0x0000000002f953f8]
Event: 21.409 Thread 0x00000000539e5000 2072       3       java.awt.KeyboardFocusManager::checkKFMSecurity (11 bytes)
Event: 21.409 Thread 0x00000000539e5000 nmethod 2072 0x0000000002f929d0 code [0x0000000002f92ba0, 0x0000000002f930b8]
Event: 21.410 Thread 0x00000000539e5000 2073       1       java.util.Collections$EmptyList::isEmpty (2 bytes)
Event: 21.410 Thread 0x00000000539e5000 nmethod 2073 0x0000000002f92710 code [0x0000000002f92860, 0x0000000002f92970]

GC Heap History (8 events):
Event: 14.277 GC heap before
{Heap before GC invocations=1 (full 0):
 PSYoungGen      total 9728K, used 8693K [0x00000000f5780000, 0x00000000f6200000, 0x0000000100000000)
  eden space 8704K, 99% used [0x00000000f5780000,0x00000000f5ffd5f8,0x00000000f6000000)
  from space 1024K, 0% used [0x00000000f6100000,0x00000000f6100000,0x00000000f6200000)
  to   space 1024K, 0% used [0x00000000f6000000,0x00000000f6000000,0x00000000f6100000)
 ParOldGen       total 22016K, used 0K [0x00000000e0600000, 0x00000000e1b80000, 0x00000000f5780000)
  object space 22016K, 0% used [0x00000000e0600000,0x00000000e0600000,0x00000000e1b80000)
 Metaspace       used 12133K, capacity 12360K, committed 12672K, reserved 1060864K
  class space    used 1494K, capacity 1561K, committed 1664K, reserved 1048576K
Event: 14.287 GC heap after
Heap after GC invocations=1 (full 0):
 PSYoungGen      total 9728K, used 1024K [0x00000000f5780000, 0x00000000f6200000, 0x0000000100000000)
  eden space 8704K, 0% used [0x00000000f5780000,0x00000000f5780000,0x00000000f6000000)
  from space 1024K, 100% used [0x00000000f6000000,0x00000000f6100000,0x00000000f6100000)
  to   space 1024K, 0% used [0x00000000f6100000,0x00000000f6100000,0x00000000f6200000)
 ParOldGen       total 22016K, used 2145K [0x00000000e0600000, 0x00000000e1b80000, 0x00000000f5780000)
  object space 22016K, 9% used [0x00000000e0600000,0x00000000e0818550,0x00000000e1b80000)
 Metaspace       used 12133K, capacity 12360K, committed 12672K, reserved 1060864K
  class space    used 1494K, capacity 1561K, committed 1664K, reserved 1048576K
}
Event: 14.998 GC heap before
{Heap before GC invocations=2 (full 0):
 PSYoungGen      total 9728K, used 9728K [0x00000000f5780000, 0x00000000f6200000, 0x0000000100000000)
  eden space 8704K, 100% used [0x00000000f5780000,0x00000000f6000000,0x00000000f6000000)
  from space 1024K, 100% used [0x00000000f6000000,0x00000000f6100000,0x00000000f6100000)
  to   space 1024K, 0% used [0x00000000f6100000,0x00000000f6100000,0x00000000f6200000)
 ParOldGen       total 22016K, used 2145K [0x00000000e0600000, 0x00000000e1b80000, 0x00000000f5780000)
  object space 22016K, 9% used [0x00000000e0600000,0x00000000e0818550,0x00000000e1b80000)
 Metaspace       used 14820K, capacity 15046K, committed 15232K, reserved 1062912K
  class space    used 1757K, capacity 1832K, committed 1920K, reserved 1048576K
Event: 15.008 GC heap after
Heap after GC invocations=2 (full 0):
 PSYoungGen      total 9728K, used 1024K [0x00000000f5780000, 0x00000000f6200000, 0x0000000100000000)
  eden space 8704K, 0% used [0x00000000f5780000,0x00000000f5780000,0x00000000f6000000)
  from space 1024K, 100% used [0x00000000f6100000,0x00000000f6200000,0x00000000f6200000)
  to   space 1024K, 0% used [0x00000000f6000000,0x00000000f6000000,0x00000000f6100000)
 ParOldGen       total 22016K, used 4815K [0x00000000e0600000, 0x00000000e1b80000, 0x00000000f5780000)
  object space 22016K, 21% used [0x00000000e0600000,0x00000000e0ab3fd0,0x00000000e1b80000)
 Metaspace       used 14820K, capacity 15046K, committed 15232K, reserved 1062912K
  class space    used 1757K, capacity 1832K, committed 1920K, reserved 1048576K
}
Event: 17.655 GC heap before
{Heap before GC invocations=3 (full 0):
 PSYoungGen      total 9728K, used 9728K [0x00000000f5780000, 0x00000000f6200000, 0x0000000100000000)
  eden space 8704K, 100% used [0x00000000f5780000,0x00000000f6000000,0x00000000f6000000)
  from space 1024K, 100% used [0x00000000f6100000,0x00000000f6200000,0x00000000f6200000)
  to   space 1024K, 0% used [0x00000000f6000000,0x00000000f6000000,0x00000000f6100000)
 ParOldGen       total 22016K, used 4815K [0x00000000e0600000, 0x00000000e1b80000, 0x00000000f5780000)
  object space 22016K, 21% used [0x00000000e0600000,0x00000000e0ab3fd0,0x00000000e1b80000)
 Metaspace       used 15244K, capacity 15506K, committed 15744K, reserved 1062912K
  class space    used 1759K, capacity 1834K, committed 1920K, reserved 1048576K
Event: 17.663 GC heap after
Heap after GC invocations=3 (full 0):
 PSYoungGen      total 9728K, used 995K [0x00000000f5780000, 0x00000000f6200000, 0x0000000100000000)
  eden space 8704K, 0% used [0x00000000f5780000,0x00000000f5780000,0x00000000f6000000)
  from space 1024K, 97% used [0x00000000f6000000,0x00000000f60f8e40,0x00000000f6100000)
  to   space 1024K, 0% used [0x00000000f6100000,0x00000000f6100000,0x00000000f6200000)
 ParOldGen       total 22016K, used 5449K [0x00000000e0600000, 0x00000000e1b80000, 0x00000000f5780000)
  object space 22016K, 24% used [0x00000000e0600000,0x00000000e0b527d0,0x00000000e1b80000)
 Metaspace       used 15244K, capacity 15506K, committed 15744K, reserved 1062912K
  class space    used 1759K, capacity 1834K, committed 1920K, reserved 1048576K
}
Event: 20.392 GC heap before
{Heap before GC invocations=4 (full 0):
 PSYoungGen      total 9728K, used 9699K [0x00000000f5780000, 0x00000000f6200000, 0x0000000100000000)
  eden space 8704K, 100% used [0x00000000f5780000,0x00000000f6000000,0x00000000f6000000)
  from space 1024K, 97% used [0x00000000f6000000,0x00000000f60f8e40,0x00000000f6100000)
  to   space 1024K, 0% used [0x00000000f6100000,0x00000000f6100000,0x00000000f6200000)
 ParOldGen       total 22016K, used 5449K [0x00000000e0600000, 0x00000000e1b80000, 0x00000000f5780000)
  object space 22016K, 24% used [0x00000000e0600000,0x00000000e0b527d0,0x00000000e1b80000)
 Metaspace       used 15366K, capacity 15570K, committed 15744K, reserved 1062912K
  class space    used 1759K, capacity 1834K, committed 1920K, reserved 1048576K
Event: 20.398 GC heap after
Heap after GC invocations=4 (full 0):
 PSYoungGen      total 9728K, used 1024K [0x00000000f5780000, 0x00000000f6200000, 0x0000000100000000)
  eden space 8704K, 0% used [0x00000000f5780000,0x00000000f5780000,0x00000000f6000000)
  from space 1024K, 100% used [0x00000000f6100000,0x00000000f6200000,0x00000000f6200000)
  to   space 1024K, 0% used [0x00000000f6000000,0x00000000f6000000,0x00000000f6100000)
 ParOldGen       total 22016K, used 5553K [0x00000000e0600000, 0x00000000e1b80000, 0x00000000f5780000)
  object space 22016K, 25% used [0x00000000e0600000,0x00000000e0b6c7f0,0x00000000e1b80000)
 Metaspace       used 15366K, capacity 15570K, committed 15744K, reserved 1062912K
  class space    used 1759K, capacity 1834K, committed 1920K, reserved 1048576K
}

Deoptimization events (10 events):
Event: 0.757 Thread 0x0000000055173000 Uncommon trap: reason=class_check action=maybe_recompile pc=0x0000000002a6c8d0 method=java.lang.String.equals(Ljava/lang/Object;)Z @ 8
Event: 0.760 Thread 0x0000000055173000 Uncommon trap: reason=class_check action=maybe_recompile pc=0x0000000002a6c8d0 method=java.lang.String.equals(Ljava/lang/Object;)Z @ 8
Event: 16.880 Thread 0x0000000055173000 Uncommon trap: reason=class_check action=maybe_recompile pc=0x0000000002db19e4 method=java.awt.EventQueue.cacheEQItem(Lsun/awt/EventQueueItem;)V @ 20
Event: 16.887 Thread 0x0000000055173000 Uncommon trap: reason=class_check action=maybe_recompile pc=0x0000000002db19e4 method=java.awt.EventQueue.cacheEQItem(Lsun/awt/EventQueueItem;)V @ 20
Event: 16.895 Thread 0x0000000055173000 Uncommon trap: reason=class_check action=maybe_recompile pc=0x0000000002db19e4 method=java.awt.EventQueue.cacheEQItem(Lsun/awt/EventQueueItem;)V @ 20
Event: 17.191 Thread 0x0000000055173000 Uncommon trap: reason=class_check action=maybe_recompile pc=0x0000000002db19e4 method=java.awt.EventQueue.cacheEQItem(Lsun/awt/EventQueueItem;)V @ 20
Event: 17.535 Thread 0x0000000055173000 Uncommon trap: reason=unstable_if action=reinterpret pc=0x0000000002d94b54 method=javax.swing.plaf.basic.BasicBorders$MarginBorder.getBorderInsets(Ljava/awt/Component;Ljava/awt/Insets;)Ljava/awt/Insets; @ 6
Event: 17.984 Thread 0x0000000055173000 Uncommon trap: reason=class_check action=maybe_recompile pc=0x0000000002a6c8d0 method=java.lang.String.equals(Ljava/lang/Object;)Z @ 8
Event: 17.984 Thread 0x0000000055173000 Uncommon trap: reason=class_check action=maybe_recompile pc=0x0000000002a6c8d0 method=java.lang.String.equals(Ljava/lang/Object;)Z @ 8
Event: 21.395 Thread 0x0000000055173000 Uncommon trap: reason=unstable_if action=reinterpret pc=0x0000000002f97500 method=javax.swing.text.DefaultCaret.handleSetDot(ILjavax/swing/text/Position$Bias;)V @ 55

Classes redefined (0 events):
No events

Internal exceptions (10 events):
Event: 0.039 Thread 0x00000000022ae000 Exception <a 'java/lang/NoSuchMethodError': Method sun.misc.Unsafe.prefetchRead(Ljava/lang/Object;J)V name or signature does not match> (0x00000000f5787fa0) thrown at [C:\re\workspace\8-2-build-windows-amd64-cygwin\jdk8u221\13320\hotspot\src\share\vm\prim
Event: 0.127 Thread 0x00000000022ae000 Exception <a 'java/security/PrivilegedActionException'> (0x00000000f5831148) thrown at [C:\re\workspace\8-2-build-windows-amd64-cygwin\jdk8u221\13320\hotspot\src\share\vm\prims\jvm.cpp, line 1502]
Event: 0.127 Thread 0x00000000022ae000 Exception <a 'java/security/PrivilegedActionException'> (0x00000000f5831358) thrown at [C:\re\workspace\8-2-build-windows-amd64-cygwin\jdk8u221\13320\hotspot\src\share\vm\prims\jvm.cpp, line 1502]
Event: 0.128 Thread 0x00000000022ae000 Exception <a 'java/security/PrivilegedActionException'> (0x00000000f5834fc8) thrown at [C:\re\workspace\8-2-build-windows-amd64-cygwin\jdk8u221\13320\hotspot\src\share\vm\prims\jvm.cpp, line 1502]
Event: 0.128 Thread 0x00000000022ae000 Exception <a 'java/security/PrivilegedActionException'> (0x00000000f58351d8) thrown at [C:\re\workspace\8-2-build-windows-amd64-cygwin\jdk8u221\13320\hotspot\src\share\vm\prims\jvm.cpp, line 1502]
Event: 0.133 Thread 0x00000000022ae000 Exception <a 'java/io/FileNotFoundException'> (0x00000000f58373a8) thrown at [C:\re\workspace\8-2-build-windows-amd64-cygwin\jdk8u221\13320\hotspot\src\share\vm\prims\jni.cpp, line 710]
Event: 0.192 Thread 0x00000000022ae000 Exception <a 'java/lang/NoSuchFieldError': method resolution failed> (0x00000000f5908250) thrown at [C:\re\workspace\8-2-build-windows-amd64-cygwin\jdk8u221\13320\hotspot\src\share\vm\prims\methodHandles.cpp, line 1167]
Event: 0.203 Thread 0x00000000022ae000 Exception <a 'java/lang/NoSuchFieldError': method resolution failed> (0x00000000f59156a0) thrown at [C:\re\workspace\8-2-build-windows-amd64-cygwin\jdk8u221\13320\hotspot\src\share\vm\prims\methodHandles.cpp, line 1167]
Event: 0.329 Thread 0x0000000055173000 Implicit null exception at 0x0000000002a4abd2 to 0x0000000002a4ad81
Event: 0.371 Thread 0x0000000055173000 Exception <a 'java/io/FileNotFoundException'> (0x00000000f5b18030) thrown at [C:\re\workspace\8-2-build-windows-amd64-cygwin\jdk8u221\13320\hotspot\src\share\vm\prims\jni.cpp, line 710]

Events (10 events):
Event: 20.408 Executing VM operation: RevokeBias done
Event: 20.408 Executing VM operation: RevokeBias
Event: 20.408 Executing VM operation: RevokeBias done
Event: 20.408 Executing VM operation: RevokeBias
Event: 20.408 Executing VM operation: RevokeBias done
Event: 20.408 Executing VM operation: RevokeBias
Event: 20.408 Executing VM operation: RevokeBias done
Event: 21.395 Thread 0x0000000055173000 Uncommon trap: trap_request=0xffffff65 fr.pc=0x0000000002f97500
Event: 21.395 Thread 0x0000000055173000 DEOPT PACKING pc=0x0000000002f97500 sp=0x0000000055a5c940
Event: 21.395 Thread 0x0000000055173000 DEOPT UNPACKING pc=0x000000000291557b sp=0x0000000055a5c790 mode 2


Dynamic libraries:
0x000000013ffc0000 - 0x000000013fff7000 	C:\Program Files\Java\jre1.8.0_221\bin\javaw.exe
0x0000000077330000 - 0x00000000774cf000 	C:\Windows\SYSTEM32\ntdll.dll
0x0000000077110000 - 0x000000007722f000 	C:\Windows\system32\kernel32.dll
0x000007fefd0e0000 - 0x000007fefd147000 	C:\Windows\system32\KERNELBASE.dll
0x000007feff2c0000 - 0x000007feff39b000 	C:\Windows\system32\ADVAPI32.dll
0x000007feff180000 - 0x000007feff21f000 	C:\Windows\system32\msvcrt.dll
0x000007feff3a0000 - 0x000007feff3bf000 	C:\Windows\SYSTEM32\sechost.dll
0x000007fefe560000 - 0x000007fefe68c000 	C:\Windows\system32\RPCRT4.dll
0x0000000077230000 - 0x000000007732a000 	C:\Windows\system32\USER32.dll
0x000007fefef60000 - 0x000007fefefc7000 	C:\Windows\system32\GDI32.dll
0x000007fefecb0000 - 0x000007fefecbe000 	C:\Windows\system32\LPK.dll
0x000007fefefd0000 - 0x000007feff09b000 	C:\Windows\system32\USP10.dll
0x000007fefb8a0000 - 0x000007fefba95000 	C:\Windows\WinSxS\amd64_microsoft.windows.common-controls_6595b64144ccf1df_6.0.7601.24483_none_e372d88f30fbb845\COMCTL32.dll
0x000007fefeeb0000 - 0x000007fefef21000 	C:\Windows\system32\SHLWAPI.dll
0x000007fefef30000 - 0x000007fefef5e000 	C:\Windows\system32\IMM32.DLL
0x000007fefe690000 - 0x000007fefe79b000 	C:\Windows\system32\MSCTF.dll
0x0000000070e50000 - 0x0000000070f22000 	C:\Program Files\Java\jre1.8.0_221\bin\msvcr100.dll
0x000000006de40000 - 0x000000006e6e5000 	C:\Program Files\Java\jre1.8.0_221\bin\server\jvm.dll
0x000007feec3c0000 - 0x000007feec3c9000 	C:\Windows\system32\WSOCK32.dll
0x000007fefee60000 - 0x000007fefeead000 	C:\Windows\system32\WS2_32.dll
0x000007fefee50000 - 0x000007fefee58000 	C:\Windows\system32\NSI.dll
0x000007fef7200000 - 0x000007fef723b000 	C:\Windows\system32\WINMM.dll
0x000007fefbf60000 - 0x000007fefbf6c000 	C:\Windows\system32\VERSION.dll
0x00000000774d0000 - 0x00000000774d7000 	C:\Windows\system32\PSAPI.DLL
0x000007feed7d0000 - 0x000007feed7df000 	C:\Program Files\Java\jre1.8.0_221\bin\verify.dll
0x000007feec6c0000 - 0x000007feec6e9000 	C:\Program Files\Java\jre1.8.0_221\bin\java.dll
0x000007feed420000 - 0x000007feed436000 	C:\Program Files\Java\jre1.8.0_221\bin\zip.dll
0x000007fefd2e0000 - 0x000007fefe06b000 	C:\Windows\system32\SHELL32.dll
0x000007fefe070000 - 0x000007fefe26f000 	C:\Windows\system32\ole32.dll
0x000007fefce90000 - 0x000007fefce9f000 	C:\Windows\system32\profapi.dll
0x000007fed66a0000 - 0x000007fed6839000 	C:\Program Files\Java\jre1.8.0_221\bin\awt.dll
0x000007feff0a0000 - 0x000007feff17b000 	C:\Windows\system32\OLEAUT32.dll
0x000007fefb430000 - 0x000007fefb486000 	C:\Windows\system32\uxtheme.dll
0x000007fefb050000 - 0x000007fefb068000 	C:\Windows\system32\dwmapi.dll
0x000007fefcce0000 - 0x000007fefccef000 	C:\Windows\system32\CRYPTBASE.dll
0x000007fedfd10000 - 0x000007fedfe2d000 	C:\Windows\system32\opengl32.dll
0x000007feecbf0000 - 0x000007feecc1d000 	C:\Windows\system32\GLU32.dll
0x000007fee2820000 - 0x000007fee2911000 	C:\Windows\system32\DDRAW.dll
0x000007feed7c0000 - 0x000007feed7c8000 	C:\Windows\system32\DCIMAN32.dll
0x000007feff440000 - 0x000007feff617000 	C:\Windows\system32\SETUPAPI.dll
0x000007fefcf30000 - 0x000007fefcf66000 	C:\Windows\system32\CFGMGR32.dll
0x000007fefceb0000 - 0x000007fefceca000 	C:\Windows\system32\DEVOBJ.dll
0x000007fee2190000 - 0x000007fee21d9000 	C:\Program Files\Java\jre1.8.0_221\bin\fontmanager.dll
0x000007feeb8c0000 - 0x000007feeb8da000 	C:\Program Files\Java\jre1.8.0_221\bin\net.dll
0x000007fefecc0000 - 0x000007fefee4a000 	C:\Windows\system32\urlmon.dll
0x000007fefced0000 - 0x000007fefced4000 	C:\Windows\system32\api-ms-win-downlevel-ole32-l1-1-0.dll
0x000007fefcea0000 - 0x000007fefcea4000 	C:\Windows\system32\api-ms-win-downlevel-shlwapi-l1-1-0.dll
0x000007fefd1f0000 - 0x000007fefd1f5000 	C:\Windows\system32\api-ms-win-downlevel-advapi32-l1-1-0.dll
0x000007fefcf20000 - 0x000007fefcf24000 	C:\Windows\system32\api-ms-win-downlevel-user32-l1-1-0.dll
0x000007fefd220000 - 0x000007fefd224000 	C:\Windows\system32\api-ms-win-downlevel-version-l1-1-0.dll
0x000007fefd230000 - 0x000007fefd233000 	C:\Windows\system32\api-ms-win-downlevel-normaliz-l1-1-0.dll
0x00000000774e0000 - 0x00000000774e3000 	C:\Windows\system32\normaliz.DLL
0x000007fefe290000 - 0x000007fefe55c000 	C:\Windows\system32\iertutil.dll
0x000007fefe7a0000 - 0x000007fefec4c000 	C:\Windows\system32\WININET.dll
0x000007fefd200000 - 0x000007fefd21f000 	C:\Windows\system32\USERENV.dll
0x000007fefc5c0000 - 0x000007fefc615000 	C:\Windows\system32\mswsock.dll
0x000007fefc5b0000 - 0x000007fefc5b7000 	C:\Windows\System32\wship6.dll
0x000007feeb870000 - 0x000007feeb882000 	C:\Program Files\Java\jre1.8.0_221\bin\nio.dll
0x000007fee20f0000 - 0x000007fee2132000 	C:\Program Files\Java\jre1.8.0_221\bin\t2k.dll
0x000007feff220000 - 0x000007feff2b9000 	C:\Windows\system32\CLBCatQ.DLL
0x000007fefacf0000 - 0x000007fefae51000 	C:\Windows\system32\WindowsCodecs.dll
0x000007fefcc80000 - 0x000007fefccd7000 	C:\Windows\system32\apphelp.dll
0x000007fef9450000 - 0x000007fef968d000 	C:\PROGRA~1\MICROS~1\Office15\GROOVEEX.DLL
0x0000000073700000 - 0x0000000073798000 	C:\Windows\system32\MSVCP100.dll
0x00000000736d0000 - 0x00000000736fb000 	C:\Windows\system32\ATL100.DLL
0x000007fef8f40000 - 0x000007fef925e000 	C:\Windows\system32\msi.dll
0x000007fef81c0000 - 0x000007fef8a38000 	C:\PROGRA~1\MICROS~1\Office15\1033\GrooveIntlResource.dll
0x000007fef8180000 - 0x000007fef81b5000 	C:\Windows\system32\EhStorShell.dll
0x000007fefb720000 - 0x000007fefb84c000 	C:\Windows\system32\PROPSYS.dll
0x000007fef8100000 - 0x000007fef817e000 	C:\Windows\System32\cscui.dll
0x000007fef80f0000 - 0x000007fef80fc000 	C:\Windows\System32\CSCDLL.dll
0x000007fef80e0000 - 0x000007fef80ef000 	C:\Windows\system32\CSCAPI.dll
0x000007fef8060000 - 0x000007fef80e0000 	C:\Windows\system32\ntshrui.dll
0x000007fefcb70000 - 0x000007fefcb93000 	C:\Windows\system32\srvcli.dll
0x000007fefa7a0000 - 0x000007fefa7ab000 	C:\Windows\system32\slc.dll
0x000007fee0640000 - 0x000007fee0675000 	C:\Users\user\Desktop\RFID\com_rfid_uhf_Device.dll
0x000007fedfca0000 - 0x000007fedfd08000 	C:\Users\user\Desktop\RFID\UHFReader288MP.dll
0x000007fefc030000 - 0x000007fefc037000 	C:\Windows\System32\wshtcpip.dll
0x000007fef6000000 - 0x000007fef6125000 	C:\Windows\system32\dbghelp.dll

VM Arguments:
jvm_args: -Dfile.encoding=Cp1252 
java_command: com.dgreat.rfid.MainFrame
java_class_path (initial): C:\Users\user\Desktop\RFID\bin;C:\Users\user\Desktop\RFID\src\com\dgreat\resources\mysql-connector-java-8.0.17.jar
Launcher Type: SUN_STANDARD

Environment Variables:
PATH=C:/Program Files/Java/jre1.8.0_221/bin/server;C:/Program Files/Java/jre1.8.0_221/bin;C:/Program Files/Java/jre1.8.0_221/lib/amd64;C:\Program Files (x86)\Common Files\Oracle\Java\javapath;C:\Python27\;C:\Python27\Scripts;C:\Windows\system32;C:\Windows;C:\Windows\System32\Wbem;C:\Windows\System32\WindowsPowerShell\v1.0\;C:\Program Files\PuTTY\;;C:\Users\user\AppData\Local\Programs\Microsoft VS Code\bin;C:\Users\user\AppData\Roaming\Microsoft\Windows\Start Menu\Programs\Eclipse;
USERNAME=user
OS=Windows_NT
PROCESSOR_IDENTIFIER=Intel64 Family 6 Model 15 Stepping 13, GenuineIntel



---------------  S Y S T E M  ---------------

OS: Windows 7 , 64 bit Build 7601 (6.1.7601.24511)

CPU:total 2 (initial active 2) (2 cores per cpu, 1 threads per core) family 6 model 15 stepping 13, cmov, cx8, fxsr, mmx, sse, sse2, sse3, ssse3, tsc

Memory: 4k page, physical 2069104k(594312k free), swap 4138208k(1784852k free)

vm_info: Java HotSpot(TM) 64-Bit Server VM (25.221-b11) for windows-amd64 JRE (1.8.0_221-b11), built on Jul  4 2019 04:39:29 by "java_re" with MS VC++ 10.0 (VS2010)

time: Wed Sep 04 21:07:49 2019
timezone: Malay Peninsula Standard Time
elapsed time: 21 seconds (0d 0h 0m 21s)

