#
# A fatal error has been detected by the Java Runtime Environment:
#
#  EXCEPTION_ACCESS_VIOLATION (0xc0000005) at pc=0x0000000077362b04, pid=2588, tid=0x00000000000006d0
#
# JRE version: Java(TM) SE Runtime Environment (8.0_221-b11) (build 1.8.0_221-b11)
# Java VM: Java HotSpot(TM) 64-Bit Server VM (25.221-b11 mixed mode windows-amd64 compressed oops)
# Problematic frame:
# C  [ntdll.dll+0x32b04]
#
# Failed to write core dump. Minidumps are not enabled by default on client versions of Windows
#
# If you would like to submit a bug report, please visit:
#   http://bugreport.java.com/bugreport/crash.jsp
# The crash happened outside the Java Virtual Machine in native code.
# See problematic frame for where to report the bug.
#

---------------  T H R E A D  ---------------

Current thread (0x00000000562c6800):  JavaThread "Thread-2" [_thread_in_native, id=1744, stack(0x00000000580a0000,0x00000000581a0000)]

siginfo: ExceptionCode=0xc0000005, writing address 0x0000000000000024

Registers:
RAX=0x0000000000000000, RBX=0x00000000579903b8, RCX=0x00000000fffffffe, RDX=0x00000000000004cc
RSP=0x0000000058199af0, RBP=0x0000000000000000, RSI=0x00000000000004cc, RDI=0x0000000000000000
R8 =0x0000000058199aa8, R9 =0x0000000000000002, R10=0x0000000000000000, R11=0x0000000000000246
R12=0x0000000000000000, R13=0x0000000000000000, R14=0x000007ffffeec000, R15=0x0000000000000000
RIP=0x0000000077362b04, EFLAGS=0x0000000000010213

Top of Stack: (sp=0x0000000058199af0)
0x0000000058199af0:   0000000000000000 00000000000004cc
0x0000000058199b00:   0000000000000000 000007fee14e0240
0x0000000058199b10:   00000000579701ed 00000000579300b0
0x0000000058199b20:   00000000000000a1 000007fee1485b6e
0x0000000058199b30:   0000632b6222d8c0 0000000013000417
0x0000000058199b40:   0000000000000000 0000000000000080
0x0000000058199b50:   0000000000000000 000007fee14e0240
0x0000000058199b60:   000000005819ee60 000000000000000c
0x0000000058199b70:   000000005626ce50 000000005626ce60
0x0000000058199b80:   0000000000000002 0000000000000003
0x0000000058199b90:   00000000ff000000 000000007735d261
0x0000000058199ba0:   0000000000000000 0000000058199d31
0x0000000058199bb0:   000007fee14e0240 00000000579903b8
0x0000000058199bc0:   0000000000000002 000007fee1494e65
0x0000000058199bd0:   00000000000000a1 0000000000000000
0x0000000058199be0:   0000000000000001 000000005819ee68 

Instructions: (pc=0x0000000077362b04)
0x0000000077362ae4:   0f b1 4b 08 0f 85 94 00 00 00 48 8b 03 4c 89 ac
0x0000000077362af4:   24 c0 00 00 00 33 ed 45 33 ed 48 83 f8 ff 74 03
0x0000000077362b04:   ff 40 24 ba 22 17 00 00 48 8d 3d c5 55 0f 00 80
0x0000000077362b14:   3c 25 82 03 fe 7f 00 0f 85 44 ea 04 00 48 83 fe 


Register to memory mapping:

RAX=0x0000000000000000 is an unknown value
RBX=0x00000000579903b8 is an unknown value
RCX=0x00000000fffffffe is an unallocated location in the heap
RDX=0x00000000000004cc is an unknown value
RSP=0x0000000058199af0 is pointing into the stack for thread: 0x00000000562c6800
RBP=0x0000000000000000 is an unknown value
RSI=0x00000000000004cc is an unknown value
RDI=0x0000000000000000 is an unknown value
R8 =0x0000000058199aa8 is pointing into the stack for thread: 0x00000000562c6800
R9 =0x0000000000000002 is an unknown value
R10=0x0000000000000000 is an unknown value
R11=0x0000000000000246 is an unknown value
R12=0x0000000000000000 is an unknown value
R13=0x0000000000000000 is an unknown value
R14=0x000007ffffeec000 is an unknown value
R15=0x0000000000000000 is an unknown value


Stack: [0x00000000580a0000,0x00000000581a0000],  sp=0x0000000058199af0,  free space=998k
Native frames: (J=compiled Java code, j=interpreted, Vv=VM code, C=native code)

Java frames: (J=compiled Java code, j=interpreted, Vv=VM code)
J 2470  com.rfid.uhf.Device.Inventory_G2([BBBB[BB[BBBBBBBBB[B[B[I[II)I (0 bytes) @ 0x000000000310ad6d [0x000000000310ac00+0x16d]
J 2469 C1 com.dgreat.rfid.RFID.readInventory()Ljava/lang/String; (332 bytes) @ 0x000000000311030c [0x000000000310fe80+0x48c]
j  com.dgreat.rfid.MainFrame$6.run()V+95
j  java.lang.Thread.run()V+11
v  ~StubRoutines::call_stub

---------------  P R O C E S S  ---------------

Java Threads: ( => current thread )
=>0x00000000562c6800 JavaThread "Thread-2" [_thread_in_native, id=1744, stack(0x00000000580a0000,0x00000000581a0000)]
  0x0000000055021800 JavaThread "TimerQueue" daemon [_thread_blocked, id=2712, stack(0x0000000056c20000,0x0000000056d20000)]
  0x0000000054fb5000 JavaThread "mysql-cj-abandoned-connection-cleanup" daemon [_thread_blocked, id=2104, stack(0x0000000055c10000,0x0000000055d10000)]
  0x00000000002ee000 JavaThread "DestroyJavaVM" [_thread_blocked, id=460, stack(0x0000000002510000,0x0000000002610000)]
  0x0000000054f48000 JavaThread "AWT-EventQueue-0" [_thread_in_vm, id=900, stack(0x00000000559d0000,0x0000000055ad0000)]
  0x0000000054f30800 JavaThread "AWT-Windows" daemon [_thread_in_native, id=4196, stack(0x0000000055700000,0x0000000055800000)]
  0x0000000054f2d800 JavaThread "AWT-Shutdown" [_thread_blocked, id=2516, stack(0x0000000055400000,0x0000000055500000)]
  0x0000000054f2a800 JavaThread "Java2D Disposer" daemon [_thread_blocked, id=4108, stack(0x0000000055580000,0x0000000055680000)]
  0x0000000054c42800 JavaThread "Service Thread" daemon [_thread_blocked, id=2672, stack(0x00000000550e0000,0x00000000551e0000)]
  0x00000000539b3800 JavaThread "C1 CompilerThread1" daemon [_thread_blocked, id=4500, stack(0x0000000054780000,0x0000000054880000)]
  0x00000000539a8800 JavaThread "C2 CompilerThread0" daemon [_thread_blocked, id=2856, stack(0x0000000054460000,0x0000000054560000)]
  0x00000000539a4800 JavaThread "Attach Listener" daemon [_thread_blocked, id=3660, stack(0x0000000054b30000,0x0000000054c30000)]
  0x00000000539a3800 JavaThread "Signal Dispatcher" daemon [_thread_blocked, id=1512, stack(0x0000000054880000,0x0000000054980000)]
  0x0000000053989000 JavaThread "Finalizer" daemon [_thread_blocked, id=2372, stack(0x0000000054680000,0x0000000054780000)]
  0x0000000053947800 JavaThread "Reference Handler" daemon [_thread_blocked, id=4064, stack(0x0000000054560000,0x0000000054660000)]

Other Threads:
  0x000000005393d800 VMThread [stack: 0x0000000054360000,0x0000000054460000] [id=1768]
  0x0000000054c60000 WatcherThread [stack: 0x0000000055290000,0x0000000055390000] [id=4388]

VM state:not at safepoint (normal execution)

VM Mutex/Monitor currently owned by a thread: None

heap address: 0x00000000e0600000, size: 506 MB, Compressed Oops mode: 32-bit
Narrow klass base: 0x0000000000000000, Narrow klass shift: 0
Compressed class space size: 1073741824 Address: 0x0000000013010000

Heap:
 PSYoungGen      total 12800K, used 6984K [0x00000000f5780000, 0x00000000f6800000, 0x0000000100000000)
  eden space 8704K, 64% used [0x00000000f5780000,0x00000000f5cf9eb0,0x00000000f6000000)
  from space 4096K, 33% used [0x00000000f6000000,0x00000000f6158200,0x00000000f6400000)
  to   space 4096K, 0% used [0x00000000f6400000,0x00000000f6400000,0x00000000f6800000)
 ParOldGen       total 22016K, used 8205K [0x00000000e0600000, 0x00000000e1b80000, 0x00000000f5780000)
  object space 22016K, 37% used [0x00000000e0600000,0x00000000e0e034e8,0x00000000e1b80000)
 Metaspace       used 15597K, capacity 15826K, committed 16000K, reserved 1062912K
  class space    used 1757K, capacity 1834K, committed 1920K, reserved 1048576K

Card table byte_map: [0x0000000002210000,0x0000000002310000] byte_map_base: 0x0000000001b0d000

Marking Bits: (ParMarkBitMap*) 0x000000006e665ce0
 Begin Bits: [0x0000000012040000, 0x0000000012828000)
 End Bits:   [0x0000000012828000, 0x0000000013010000)

Polling page: 0x0000000000120000

CodeCache: size=245760Kb used=8401Kb max_used=8401Kb free=237358Kb
 bounds [0x00000000028e0000, 0x0000000003120000, 0x00000000118e0000]
 total_blobs=3008 nmethods=2454 adapters=467
 compilation: enabled

Compilation events (10 events):
Event: 19.775 Thread 0x00000000539b3800 2472       3       java.lang.String::split (7 bytes)
Event: 19.775 Thread 0x00000000539b3800 nmethod 2472 0x0000000003107b90 code [0x0000000003107d00, 0x0000000003107f08]
Event: 19.775 Thread 0x00000000539b3800 2473       3       java.lang.String::split (326 bytes)
Event: 19.778 Thread 0x00000000539b3800 nmethod 2473 0x0000000003114b90 code [0x0000000003115020, 0x0000000003117ef8]
Event: 19.778 Thread 0x00000000539b3800 2474       3       java.lang.String::replace (28 bytes)
Event: 19.779 Thread 0x00000000539b3800 nmethod 2474 0x000000000310a110 code [0x000000000310a2e0, 0x000000000310a858]
Event: 19.779 Thread 0x00000000539b3800 2475       3       java.util.regex.Pattern::compile (10 bytes)
Event: 19.779 Thread 0x00000000539b3800 nmethod 2475 0x0000000003109d10 code [0x0000000003109e80, 0x000000000310a068]
Event: 19.786 Thread 0x00000000539b3800 2476       3       java.util.regex.Pattern::compile (406 bytes)
Event: 19.789 Thread 0x00000000539b3800 nmethod 2476 0x0000000003119c10 code [0x0000000003119fc0, 0x000000000311c1c8]

GC Heap History (10 events):
Event: 10.315 GC heap before
{Heap before GC invocations=3 (full 0):
 PSYoungGen      total 9728K, used 9717K [0x00000000f5780000, 0x00000000f6200000, 0x0000000100000000)
  eden space 8704K, 100% used [0x00000000f5780000,0x00000000f6000000,0x00000000f6000000)
  from space 1024K, 98% used [0x00000000f6100000,0x00000000f61fd6f0,0x00000000f6200000)
  to   space 1024K, 0% used [0x00000000f6000000,0x00000000f6000000,0x00000000f6100000)
 ParOldGen       total 22016K, used 4782K [0x00000000e0600000, 0x00000000e1b80000, 0x00000000f5780000)
  object space 22016K, 21% used [0x00000000e0600000,0x00000000e0aaba48,0x00000000e1b80000)
 Metaspace       used 15155K, capacity 15378K, committed 15488K, reserved 1062912K
  class space    used 1756K, capacity 1834K, committed 1920K, reserved 1048576K
Event: 10.322 GC heap after
Heap after GC invocations=3 (full 0):
 PSYoungGen      total 9728K, used 997K [0x00000000f5780000, 0x00000000f6200000, 0x0000000100000000)
  eden space 8704K, 0% used [0x00000000f5780000,0x00000000f5780000,0x00000000f6000000)
  from space 1024K, 97% used [0x00000000f6000000,0x00000000f60f96e0,0x00000000f6100000)
  to   space 1024K, 0% used [0x00000000f6100000,0x00000000f6100000,0x00000000f6200000)
 ParOldGen       total 22016K, used 5346K [0x00000000e0600000, 0x00000000e1b80000, 0x00000000f5780000)
  object space 22016K, 24% used [0x00000000e0600000,0x00000000e0b38b28,0x00000000e1b80000)
 Metaspace       used 15155K, capacity 15378K, committed 15488K, reserved 1062912K
  class space    used 1756K, capacity 1834K, committed 1920K, reserved 1048576K
}
Event: 13.398 GC heap before
{Heap before GC invocations=4 (full 0):
 PSYoungGen      total 9728K, used 9701K [0x00000000f5780000, 0x00000000f6200000, 0x0000000100000000)
  eden space 8704K, 100% used [0x00000000f5780000,0x00000000f6000000,0x00000000f6000000)
  from space 1024K, 97% used [0x00000000f6000000,0x00000000f60f96e0,0x00000000f6100000)
  to   space 1024K, 0% used [0x00000000f6100000,0x00000000f6100000,0x00000000f6200000)
 ParOldGen       total 22016K, used 5346K [0x00000000e0600000, 0x00000000e1b80000, 0x00000000f5780000)
  object space 22016K, 24% used [0x00000000e0600000,0x00000000e0b38b28,0x00000000e1b80000)
 Metaspace       used 15340K, capacity 15570K, committed 15744K, reserved 1062912K
  class space    used 1757K, capacity 1834K, committed 1920K, reserved 1048576K
Event: 13.405 GC heap after
Heap after GC invocations=4 (full 0):
 PSYoungGen      total 9728K, used 1021K [0x00000000f5780000, 0x00000000f6200000, 0x0000000100000000)
  eden space 8704K, 0% used [0x00000000f5780000,0x00000000f5780000,0x00000000f6000000)
  from space 1024K, 99% used [0x00000000f6100000,0x00000000f61ff6f0,0x00000000f6200000)
  to   space 1024K, 0% used [0x00000000f6000000,0x00000000f6000000,0x00000000f6100000)
 ParOldGen       total 22016K, used 6291K [0x00000000e0600000, 0x00000000e1b80000, 0x00000000f5780000)
  object space 22016K, 28% used [0x00000000e0600000,0x00000000e0c24ca8,0x00000000e1b80000)
 Metaspace       used 15340K, capacity 15570K, committed 15744K, reserved 1062912K
  class space    used 1757K, capacity 1834K, committed 1920K, reserved 1048576K
}
Event: 15.562 GC heap before
{Heap before GC invocations=5 (full 0):
 PSYoungGen      total 9728K, used 9725K [0x00000000f5780000, 0x00000000f6200000, 0x0000000100000000)
  eden space 8704K, 100% used [0x00000000f5780000,0x00000000f6000000,0x00000000f6000000)
  from space 1024K, 99% used [0x00000000f6100000,0x00000000f61ff6f0,0x00000000f6200000)
  to   space 1024K, 0% used [0x00000000f6000000,0x00000000f6000000,0x00000000f6100000)
 ParOldGen       total 22016K, used 6291K [0x00000000e0600000, 0x00000000e1b80000, 0x00000000f5780000)
  object space 22016K, 28% used [0x00000000e0600000,0x00000000e0c24ca8,0x00000000e1b80000)
 Metaspace       used 15440K, capacity 15698K, committed 16000K, reserved 1062912K
  class space    used 1757K, capacity 1834K, committed 1920K, reserved 1048576K
Event: 15.570 GC heap after
Heap after GC invocations=5 (full 0):
 PSYoungGen      total 9728K, used 1021K [0x00000000f5780000, 0x00000000f6800000, 0x0000000100000000)
  eden space 8704K, 0% used [0x00000000f5780000,0x00000000f5780000,0x00000000f6000000)
  from space 1024K, 99% used [0x00000000f6000000,0x00000000f60ff770,0x00000000f6100000)
  to   space 4096K, 0% used [0x00000000f6400000,0x00000000f6400000,0x00000000f6800000)
 ParOldGen       total 22016K, used 7367K [0x00000000e0600000, 0x00000000e1b80000, 0x00000000f5780000)
  object space 22016K, 33% used [0x00000000e0600000,0x00000000e0d31df8,0x00000000e1b80000)
 Metaspace       used 15440K, capacity 15698K, committed 16000K, reserved 1062912K
  class space    used 1757K, capacity 1834K, committed 1920K, reserved 1048576K
}
Event: 17.668 GC heap before
{Heap before GC invocations=6 (full 0):
 PSYoungGen      total 9728K, used 9725K [0x00000000f5780000, 0x00000000f6800000, 0x0000000100000000)
  eden space 8704K, 100% used [0x00000000f5780000,0x00000000f6000000,0x00000000f6000000)
  from space 1024K, 99% used [0x00000000f6000000,0x00000000f60ff770,0x00000000f6100000)
  to   space 4096K, 0% used [0x00000000f6400000,0x00000000f6400000,0x00000000f6800000)
 ParOldGen       total 22016K, used 7367K [0x00000000e0600000, 0x00000000e1b80000, 0x00000000f5780000)
  object space 22016K, 33% used [0x00000000e0600000,0x00000000e0d31df8,0x00000000e1b80000)
 Metaspace       used 15504K, capacity 15698K, committed 16000K, reserved 1062912K
  class space    used 1757K, capacity 1834K, committed 1920K, reserved 1048576K
Event: 17.678 GC heap after
Heap after GC invocations=6 (full 0):
 PSYoungGen      total 12800K, used 2182K [0x00000000f5780000, 0x00000000f6800000, 0x0000000100000000)
  eden space 8704K, 0% used [0x00000000f5780000,0x00000000f5780000,0x00000000f6000000)
  from space 4096K, 53% used [0x00000000f6400000,0x00000000f66218e0,0x00000000f6800000)
  to   space 4096K, 0% used [0x00000000f6000000,0x00000000f6000000,0x00000000f6400000)
 ParOldGen       total 22016K, used 7367K [0x00000000e0600000, 0x00000000e1b80000, 0x00000000f5780000)
  object space 22016K, 33% used [0x00000000e0600000,0x00000000e0d31df8,0x00000000e1b80000)
 Metaspace       used 15504K, capacity 15698K, committed 16000K, reserved 1062912K
  class space    used 1757K, capacity 1834K, committed 1920K, reserved 1048576K
}
Event: 19.425 GC heap before
{Heap before GC invocations=7 (full 0):
 PSYoungGen      total 12800K, used 10886K [0x00000000f5780000, 0x00000000f6800000, 0x0000000100000000)
  eden space 8704K, 100% used [0x00000000f5780000,0x00000000f6000000,0x00000000f6000000)
  from space 4096K, 53% used [0x00000000f6400000,0x00000000f66218e0,0x00000000f6800000)
  to   space 4096K, 0% used [0x00000000f6000000,0x00000000f6000000,0x00000000f6400000)
 ParOldGen       total 22016K, used 7367K [0x00000000e0600000, 0x00000000e1b80000, 0x00000000f5780000)
  object space 22016K, 33% used [0x00000000e0600000,0x00000000e0d31df8,0x00000000e1b80000)
 Metaspace       used 15577K, capacity 15826K, committed 16000K, reserved 1062912K
  class space    used 1757K, capacity 1834K, committed 1920K, reserved 1048576K
Event: 19.434 GC heap after
Heap after GC invocations=7 (full 0):
 PSYoungGen      total 12800K, used 1376K [0x00000000f5780000, 0x00000000f6800000, 0x0000000100000000)
  eden space 8704K, 0% used [0x00000000f5780000,0x00000000f5780000,0x00000000f6000000)
  from space 4096K, 33% used [0x00000000f6000000,0x00000000f6158200,0x00000000f6400000)
  to   space 4096K, 0% used [0x00000000f6400000,0x00000000f6400000,0x00000000f6800000)
 ParOldGen       total 22016K, used 8205K [0x00000000e0600000, 0x00000000e1b80000, 0x00000000f5780000)
  object space 22016K, 37% used [0x00000000e0600000,0x00000000e0e034e8,0x00000000e1b80000)
 Metaspace       used 15577K, capacity 15826K, committed 16000K, reserved 1062912K
  class space    used 1757K, capacity 1834K, committed 1920K, reserved 1048576K
}

Deoptimization events (10 events):
Event: 14.089 Thread 0x0000000054f48000 Uncommon trap: reason=class_check action=maybe_recompile pc=0x0000000002e9c77c method=java.awt.EventQueue.coalesceEvent(Ljava/awt/AWTEvent;I)Z @ 32
Event: 14.089 Thread 0x0000000054f48000 Uncommon trap: reason=class_check action=maybe_recompile pc=0x0000000002e40c14 method=java.awt.EventQueue.uncacheEQItem(Lsun/awt/EventQueueItem;)V @ 20
Event: 14.090 Thread 0x0000000054f48000 Uncommon trap: reason=class_check action=maybe_recompile pc=0x0000000002e63cc0 method=java.awt.EventQueue.getAccessControlContextFrom(Ljava/lang/Object;)Ljava/security/AccessControlContext; @ 8
Event: 14.090 Thread 0x0000000054f48000 Uncommon trap: reason=class_check action=maybe_recompile pc=0x0000000002e67e50 method=java.awt.EventQueue.dispatchEventImpl(Ljava/awt/AWTEvent;Ljava/lang/Object;)V @ 30
Event: 14.299 Thread 0x0000000054f48000 Uncommon trap: reason=unstable_if action=reinterpret pc=0x0000000002dbfa94 method=javax.swing.plaf.basic.BasicBorders$MarginBorder.getBorderInsets(Ljava/awt/Component;Ljava/awt/Insets;)Ljava/awt/Insets; @ 6
Event: 14.580 Thread 0x0000000054f48000 Uncommon trap: reason=unstable_if action=reinterpret pc=0x0000000002f6d710 method=javax.swing.text.DefaultCaret$Handler.insertUpdate(Ljavax/swing/event/DocumentEvent;)V @ 24
Event: 14.580 Thread 0x0000000054f48000 Uncommon trap: reason=unstable_if action=reinterpret pc=0x0000000002f26d1c method=javax.swing.text.DefaultCaret.isPositionLTR(ILjavax/swing/text/Position$Bias;)Z @ 12
Event: 14.580 Thread 0x0000000054f48000 Uncommon trap: reason=unstable_if action=reinterpret pc=0x0000000002f2d3ac method=javax.swing.text.DefaultCaret.handleSetDot(ILjavax/swing/text/Position$Bias;)V @ 47
Event: 17.849 Thread 0x00000000562c6800 Uncommon trap: reason=unstable_if action=reinterpret pc=0x0000000002f49d60 method=javax.swing.text.PlainView.updateDamage(Ljavax/swing/event/DocumentEvent;Ljava/awt/Shape;Ljavax/swing/text/ViewFactory;)V @ 295
Event: 17.855 Thread 0x0000000054f48000 Uncommon trap: reason=unstable_if action=reinterpret pc=0x0000000003062db8 method=sun.font.GlyphList.ensureCapacity(I)V @ 49

Classes redefined (0 events):
No events

Internal exceptions (10 events):
Event: 0.064 Thread 0x00000000002ee000 Exception <a 'java/lang/NoSuchMethodError': Method sun.misc.Unsafe.prefetchRead(Ljava/lang/Object;J)V name or signature does not match> (0x00000000f5787fa0) thrown at [C:\re\workspace\8-2-build-windows-amd64-cygwin\jdk8u221\13320\hotspot\src\share\vm\prim
Event: 0.173 Thread 0x00000000002ee000 Exception <a 'java/security/PrivilegedActionException'> (0x00000000f5831148) thrown at [C:\re\workspace\8-2-build-windows-amd64-cygwin\jdk8u221\13320\hotspot\src\share\vm\prims\jvm.cpp, line 1502]
Event: 0.173 Thread 0x00000000002ee000 Exception <a 'java/security/PrivilegedActionException'> (0x00000000f5831358) thrown at [C:\re\workspace\8-2-build-windows-amd64-cygwin\jdk8u221\13320\hotspot\src\share\vm\prims\jvm.cpp, line 1502]
Event: 0.174 Thread 0x00000000002ee000 Exception <a 'java/security/PrivilegedActionException'> (0x00000000f5834fc8) thrown at [C:\re\workspace\8-2-build-windows-amd64-cygwin\jdk8u221\13320\hotspot\src\share\vm\prims\jvm.cpp, line 1502]
Event: 0.174 Thread 0x00000000002ee000 Exception <a 'java/security/PrivilegedActionException'> (0x00000000f58351d8) thrown at [C:\re\workspace\8-2-build-windows-amd64-cygwin\jdk8u221\13320\hotspot\src\share\vm\prims\jvm.cpp, line 1502]
Event: 0.179 Thread 0x00000000002ee000 Exception <a 'java/io/FileNotFoundException'> (0x00000000f58373a8) thrown at [C:\re\workspace\8-2-build-windows-amd64-cygwin\jdk8u221\13320\hotspot\src\share\vm\prims\jni.cpp, line 710]
Event: 0.244 Thread 0x00000000002ee000 Exception <a 'java/lang/NoSuchFieldError': method resolution failed> (0x00000000f5908250) thrown at [C:\re\workspace\8-2-build-windows-amd64-cygwin\jdk8u221\13320\hotspot\src\share\vm\prims\methodHandles.cpp, line 1167]
Event: 0.260 Thread 0x00000000002ee000 Exception <a 'java/lang/NoSuchFieldError': method resolution failed> (0x00000000f5915978) thrown at [C:\re\workspace\8-2-build-windows-amd64-cygwin\jdk8u221\13320\hotspot\src\share\vm\prims\methodHandles.cpp, line 1167]
Event: 0.382 Thread 0x0000000054f48000 Implicit null exception at 0x0000000002a5e6d2 to 0x0000000002a5e881
Event: 0.417 Thread 0x0000000054f48000 Exception <a 'java/io/FileNotFoundException'> (0x00000000f5b18970) thrown at [C:\re\workspace\8-2-build-windows-amd64-cygwin\jdk8u221\13320\hotspot\src\share\vm\prims\jni.cpp, line 710]

Events (10 events):
Event: 19.444 Executing VM operation: BulkRevokeBias done
Event: 19.471 Thread 0x00000000539a8800 flushing nmethod 0x00000000029e2bd0
Event: 19.471 Thread 0x00000000539a8800 flushing nmethod 0x00000000029eb8d0
Event: 19.471 Thread 0x00000000539a8800 flushing nmethod 0x00000000029f3950
Event: 19.471 Thread 0x00000000539a8800 flushing nmethod 0x0000000002a0aed0
Event: 19.520 Thread 0x00000000539a8800 flushing nmethod 0x0000000002a6b450
Event: 19.530 Thread 0x00000000539b3800 flushing nmethod 0x0000000002aad490
Event: 19.530 Thread 0x00000000539b3800 flushing nmethod 0x0000000002acaa10
Event: 19.530 Thread 0x00000000539b3800 flushing nmethod 0x0000000002acd790
Event: 19.530 Thread 0x00000000539b3800 flushing nmethod 0x0000000002ada910


Dynamic libraries:
0x000000013ff50000 - 0x000000013ff87000 	C:\Program Files\Java\jre1.8.0_221\bin\javaw.exe
0x0000000077330000 - 0x00000000774cf000 	C:\Windows\SYSTEM32\ntdll.dll
0x0000000077110000 - 0x000000007722f000 	C:\Windows\system32\kernel32.dll
0x000007fefd0e0000 - 0x000007fefd147000 	C:\Windows\system32\KERNELBASE.dll
0x000007feff2c0000 - 0x000007feff39b000 	C:\Windows\system32\ADVAPI32.dll
0x000007feff180000 - 0x000007feff21f000 	C:\Windows\system32\msvcrt.dll
0x000007feff3a0000 - 0x000007feff3bf000 	C:\Windows\SYSTEM32\sechost.dll
0x000007fefe560000 - 0x000007fefe68c000 	C:\Windows\system32\RPCRT4.dll
0x0000000077230000 - 0x000000007732a000 	C:\Windows\system32\USER32.dll
0x000007fefef60000 - 0x000007fefefc7000 	C:\Windows\system32\GDI32.dll
0x000007fefecb0000 - 0x000007fefecbe000 	C:\Windows\system32\LPK.dll
0x000007fefefd0000 - 0x000007feff09b000 	C:\Windows\system32\USP10.dll
0x000007fefb8a0000 - 0x000007fefba95000 	C:\Windows\WinSxS\amd64_microsoft.windows.common-controls_6595b64144ccf1df_6.0.7601.24483_none_e372d88f30fbb845\COMCTL32.dll
0x000007fefeeb0000 - 0x000007fefef21000 	C:\Windows\system32\SHLWAPI.dll
0x000007fefef30000 - 0x000007fefef5e000 	C:\Windows\system32\IMM32.DLL
0x000007fefe690000 - 0x000007fefe79b000 	C:\Windows\system32\MSCTF.dll
0x0000000070e50000 - 0x0000000070f22000 	C:\Program Files\Java\jre1.8.0_221\bin\msvcr100.dll
0x000000006de40000 - 0x000000006e6e5000 	C:\Program Files\Java\jre1.8.0_221\bin\server\jvm.dll
0x000007feec3c0000 - 0x000007feec3c9000 	C:\Windows\system32\WSOCK32.dll
0x000007fefee60000 - 0x000007fefeead000 	C:\Windows\system32\WS2_32.dll
0x000007fefee50000 - 0x000007fefee58000 	C:\Windows\system32\NSI.dll
0x000007fef7200000 - 0x000007fef723b000 	C:\Windows\system32\WINMM.dll
0x000007fefbf60000 - 0x000007fefbf6c000 	C:\Windows\system32\VERSION.dll
0x00000000774d0000 - 0x00000000774d7000 	C:\Windows\system32\PSAPI.DLL
0x000007feed7d0000 - 0x000007feed7df000 	C:\Program Files\Java\jre1.8.0_221\bin\verify.dll
0x000007feec6c0000 - 0x000007feec6e9000 	C:\Program Files\Java\jre1.8.0_221\bin\java.dll
0x000007feed420000 - 0x000007feed436000 	C:\Program Files\Java\jre1.8.0_221\bin\zip.dll
0x000007fefd2e0000 - 0x000007fefe06b000 	C:\Windows\system32\SHELL32.dll
0x000007fefe070000 - 0x000007fefe26f000 	C:\Windows\system32\ole32.dll
0x000007fefce90000 - 0x000007fefce9f000 	C:\Windows\system32\profapi.dll
0x000007fee0f60000 - 0x000007fee10f9000 	C:\Program Files\Java\jre1.8.0_221\bin\awt.dll
0x000007feff0a0000 - 0x000007feff17b000 	C:\Windows\system32\OLEAUT32.dll
0x000007fefb430000 - 0x000007fefb486000 	C:\Windows\system32\uxtheme.dll
0x000007fefb050000 - 0x000007fefb068000 	C:\Windows\system32\dwmapi.dll
0x000007fefcce0000 - 0x000007fefccef000 	C:\Windows\system32\CRYPTBASE.dll
0x000007fedfe90000 - 0x000007fedffad000 	C:\Windows\system32\opengl32.dll
0x000007feecc70000 - 0x000007feecc9d000 	C:\Windows\system32\GLU32.dll
0x000007fee2820000 - 0x000007fee2911000 	C:\Windows\system32\DDRAW.dll
0x000007feed7c0000 - 0x000007feed7c8000 	C:\Windows\system32\DCIMAN32.dll
0x000007feff440000 - 0x000007feff617000 	C:\Windows\system32\SETUPAPI.dll
0x000007fefcf30000 - 0x000007fefcf66000 	C:\Windows\system32\CFGMGR32.dll
0x000007fefceb0000 - 0x000007fefceca000 	C:\Windows\system32\DEVOBJ.dll
0x000007fee2190000 - 0x000007fee21d9000 	C:\Program Files\Java\jre1.8.0_221\bin\fontmanager.dll
0x000007feeb8c0000 - 0x000007feeb8da000 	C:\Program Files\Java\jre1.8.0_221\bin\net.dll
0x000007fefecc0000 - 0x000007fefee4a000 	C:\Windows\system32\urlmon.dll
0x000007fefced0000 - 0x000007fefced4000 	C:\Windows\system32\api-ms-win-downlevel-ole32-l1-1-0.dll
0x000007fefcea0000 - 0x000007fefcea4000 	C:\Windows\system32\api-ms-win-downlevel-shlwapi-l1-1-0.dll
0x000007fefd1f0000 - 0x000007fefd1f5000 	C:\Windows\system32\api-ms-win-downlevel-advapi32-l1-1-0.dll
0x000007fefcf20000 - 0x000007fefcf24000 	C:\Windows\system32\api-ms-win-downlevel-user32-l1-1-0.dll
0x000007fefd220000 - 0x000007fefd224000 	C:\Windows\system32\api-ms-win-downlevel-version-l1-1-0.dll
0x000007fefd230000 - 0x000007fefd233000 	C:\Windows\system32\api-ms-win-downlevel-normaliz-l1-1-0.dll
0x00000000774e0000 - 0x00000000774e3000 	C:\Windows\system32\normaliz.DLL
0x000007fefe290000 - 0x000007fefe55c000 	C:\Windows\system32\iertutil.dll
0x000007fefe7a0000 - 0x000007fefec4c000 	C:\Windows\system32\WININET.dll
0x000007fefd200000 - 0x000007fefd21f000 	C:\Windows\system32\USERENV.dll
0x000007fefc5c0000 - 0x000007fefc615000 	C:\Windows\system32\mswsock.dll
0x000007fefc5b0000 - 0x000007fefc5b7000 	C:\Windows\System32\wship6.dll
0x000007feeb870000 - 0x000007feeb882000 	C:\Program Files\Java\jre1.8.0_221\bin\nio.dll
0x000007fee20f0000 - 0x000007fee2132000 	C:\Program Files\Java\jre1.8.0_221\bin\t2k.dll
0x000007feff220000 - 0x000007feff2b9000 	C:\Windows\system32\CLBCatQ.DLL
0x000007fefacf0000 - 0x000007fefae51000 	C:\Windows\system32\WindowsCodecs.dll
0x000007fefcc80000 - 0x000007fefccd7000 	C:\Windows\system32\apphelp.dll
0x000007fef9450000 - 0x000007fef968d000 	C:\PROGRA~1\MICROS~1\Office15\GROOVEEX.DLL
0x0000000073700000 - 0x0000000073798000 	C:\Windows\system32\MSVCP100.dll
0x00000000736d0000 - 0x00000000736fb000 	C:\Windows\system32\ATL100.DLL
0x000007fef8f40000 - 0x000007fef925e000 	C:\Windows\system32\msi.dll
0x000007fef81c0000 - 0x000007fef8a38000 	C:\PROGRA~1\MICROS~1\Office15\1033\GrooveIntlResource.dll
0x000007fef8180000 - 0x000007fef81b5000 	C:\Windows\system32\EhStorShell.dll
0x000007fefb720000 - 0x000007fefb84c000 	C:\Windows\system32\PROPSYS.dll
0x000007fef8100000 - 0x000007fef817e000 	C:\Windows\System32\cscui.dll
0x000007fef80f0000 - 0x000007fef80fc000 	C:\Windows\System32\CSCDLL.dll
0x000007fef80e0000 - 0x000007fef80ef000 	C:\Windows\system32\CSCAPI.dll
0x000007fef8060000 - 0x000007fef80e0000 	C:\Windows\system32\ntshrui.dll
0x000007fefcb70000 - 0x000007fefcb93000 	C:\Windows\system32\srvcli.dll
0x000007fefa7a0000 - 0x000007fefa7ab000 	C:\Windows\system32\slc.dll
0x000007feecc30000 - 0x000007feecc65000 	C:\Users\user\Desktop\RFID\com_rfid_uhf_Device.dll
0x000007fee1480000 - 0x000007fee14e8000 	C:\Users\user\Desktop\RFID\UHFReader288MP.dll
0x000007fefc030000 - 0x000007fefc037000 	C:\Windows\System32\wshtcpip.dll
0x000007fef6000000 - 0x000007fef6125000 	C:\Windows\system32\dbghelp.dll

VM Arguments:
jvm_args: -Dfile.encoding=Cp1252 
java_command: com.dgreat.rfid.MainFrame
java_class_path (initial): C:\Users\user\Desktop\RFID\bin;C:\Users\user\Desktop\RFID\src\com\dgreat\resources\mysql-connector-java-8.0.17.jar
Launcher Type: SUN_STANDARD

Environment Variables:
PATH=C:/Program Files/Java/jre1.8.0_221/bin/server;C:/Program Files/Java/jre1.8.0_221/bin;C:/Program Files/Java/jre1.8.0_221/lib/amd64;C:\Program Files (x86)\Common Files\Oracle\Java\javapath;C:\Python27\;C:\Python27\Scripts;C:\Windows\system32;C:\Windows;C:\Windows\System32\Wbem;C:\Windows\System32\WindowsPowerShell\v1.0\;C:\Program Files\PuTTY\;;C:\Users\user\AppData\Local\Programs\Microsoft VS Code\bin;C:\Users\user\AppData\Roaming\Microsoft\Windows\Start Menu\Programs\Eclipse;
USERNAME=user
OS=Windows_NT
PROCESSOR_IDENTIFIER=Intel64 Family 6 Model 15 Stepping 13, GenuineIntel



---------------  S Y S T E M  ---------------

OS: Windows 7 , 64 bit Build 7601 (6.1.7601.24511)

CPU:total 2 (initial active 2) (2 cores per cpu, 1 threads per core) family 6 model 15 stepping 13, cmov, cx8, fxsr, mmx, sse, sse2, sse3, ssse3, tsc

Memory: 4k page, physical 2069104k(608032k free), swap 4138208k(1798160k free)

vm_info: Java HotSpot(TM) 64-Bit Server VM (25.221-b11) for windows-amd64 JRE (1.8.0_221-b11), built on Jul  4 2019 04:39:29 by "java_re" with MS VC++ 10.0 (VS2010)

time: Wed Sep 04 21:09:38 2019
timezone: Malay Peninsula Standard Time
elapsed time: 20 seconds (0d 0h 0m 20s)

